2023-06-10 23:10:52,051 ERROR 27426 [-/127.0.0.1/-/1ms GET /] nodejs.TSError: [egg-core] load file: /Users/wwei/Documents/my_github/wwei-lego-backend/app/model/Users.ts, error: ‚®Ø Unable to compile TypeScript:
[96mapp/model/Users.ts[0m:[93m1[0m:[93m1[0m - [91merror[0m[90m TS6133: [0m'Schema' is declared but its value is never read.

[7m1[0m import { Schema } from 'mongoose';
[7m [0m [91m~~~~~~~~~~~~~~~~~~~~~~~~~~~~~~~~~~[0m
[96mapp/model/Users.ts[0m:[93m4[0m:[93m21[0m - [91merror[0m[90m TS6133: [0m'app' is declared but its value is never read.

[7m4[0m function UsersModel(app: Application) {
[7m [0m [91m                    ~~~[0m
[96mapp/model/Users.ts[0m:[93m5[0m:[93m22[0m - [91merror[0m[90m TS2448: [0mBlock-scoped variable 'Schema' used before its declaration.

[7m5[0m   const Schema = new Schema({ user: { type: 'string' } }, { collection: 'users' });
[7m [0m [91m                     ~~~~~~[0m

  [96mapp/model/Users.ts[0m:[93m5[0m:[93m9[0m
    [7m5[0m   const Schema = new Schema({ user: { type: 'string' } }, { collection: 'users' });
    [7m [0m [96m        ~~~~~~[0m
    'Schema' is declared here.

[96mapp/model/Users.ts[0m:[93m1[0m:[93m1[0m - [91merror[0m[90m TS6133: [0m'Schema' is declared but its value is never read.

[7m1[0m import { Schema } from 'mongoose';
[7m [0m [91m~~~~~~~~~~~~~~~~~~~~~~~~~~~~~~~~~~[0m
[96mapp/model/Users.ts[0m:[93m4[0m:[93m21[0m - [91merror[0m[90m TS6133: [0m'app' is declared but its value is never read.

[7m4[0m function UsersModel(app: Application) {
[7m [0m [91m                    ~~~[0m
[96mapp/model/Users.ts[0m:[93m5[0m:[93m22[0m - [91merror[0m[90m TS2448: [0mBlock-scoped variable 'Schema' used before its declaration.

[7m5[0m   const Schema = new Schema({ user: { type: 'string' } }, { collection: 'users' });
[7m [0m [91m                     ~~~~~~[0m

  [96mapp/model/Users.ts[0m:[93m5[0m:[93m9[0m
    [7m5[0m   const Schema = new Schema({ user: { type: 'string' } }, { collection: 'users' });
    [7m [0m [96m        ~~~~~~[0m
    'Schema' is declared here.

    at createTSError (/Users/wwei/Documents/my_github/wwei-lego-backend/node_modules/.pnpm/ts-node@10.9.1_@types+node@20.2.5_typescript@4.9.4/node_modules/ts-node/src/index.ts:859:12)
    at reportTSError (/Users/wwei/Documents/my_github/wwei-lego-backend/node_modules/.pnpm/ts-node@10.9.1_@types+node@20.2.5_typescript@4.9.4/node_modules/ts-node/src/index.ts:863:19)
    at getOutput (/Users/wwei/Documents/my_github/wwei-lego-backend/node_modules/.pnpm/ts-node@10.9.1_@types+node@20.2.5_typescript@4.9.4/node_modules/ts-node/src/index.ts:1077:36)
    at Object.compile (/Users/wwei/Documents/my_github/wwei-lego-backend/node_modules/.pnpm/ts-node@10.9.1_@types+node@20.2.5_typescript@4.9.4/node_modules/ts-node/src/index.ts:1433:41)
    at Module.m._compile (/Users/wwei/Documents/my_github/wwei-lego-backend/node_modules/.pnpm/ts-node@10.9.1_@types+node@20.2.5_typescript@4.9.4/node_modules/ts-node/src/index.ts:1617:30)
    at Module._extensions..js (node:internal/modules/cjs/loader:1213:10)
    at Object.require.extensions.<computed> [as .ts] (/Users/wwei/Documents/my_github/wwei-lego-backend/node_modules/.pnpm/ts-node@10.9.1_@types+node@20.2.5_typescript@4.9.4/node_modules/ts-node/src/index.ts:1621:12)
    at Module.load (node:internal/modules/cjs/loader:1037:32)
    at Function.Module._load (node:internal/modules/cjs/loader:878:12)
    at Module.require (node:internal/modules/cjs/loader:1061:19)
diagnosticCodes: [6133,6133,2448]
pid: 27426
hostname: wangweideMacBook-Pro.local

2023-06-10 23:13:28,742 ERROR 28007 [-/127.0.0.1/-/3ms GET /users] nodejs.TypeError: Cannot read properties of undefined (reading 'find')
    at UsersService.queryUsers (/Users/wwei/Documents/my_github/wwei-lego-backend/app/service/usersService.ts:10:38)
    at UsersController.list (/Users/wwei/Documents/my_github/wwei-lego-backend/app/controller/usersController.ts:7:52)
    at Object.callFn (/Users/wwei/Documents/my_github/wwei-lego-backend/node_modules/.pnpm/egg-core@5.3.1/node_modules/egg-core/lib/utils/index.js:44:21)
    at Object.classControllerMiddleware (/Users/wwei/Documents/my_github/wwei-lego-backend/node_modules/.pnpm/egg-core@5.3.1/node_modules/egg-core/lib/loader/mixin/controller.js:87:20)
    at Object.callFn (/Users/wwei/Documents/my_github/wwei-lego-backend/node_modules/.pnpm/@eggjs+router@2.0.1/node_modules/@eggjs/router/lib/utils.js:12:21)
    at wrappedController (/Users/wwei/Documents/my_github/wwei-lego-backend/node_modules/.pnpm/@eggjs+router@2.0.1/node_modules/@eggjs/router/lib/egg_router.js:322:18)
    at dispatch (/Users/wwei/Documents/my_github/wwei-lego-backend/node_modules/.pnpm/koa-compose@3.2.1/node_modules/koa-compose/index.js:44:32)
    at next (/Users/wwei/Documents/my_github/wwei-lego-backend/node_modules/.pnpm/koa-compose@3.2.1/node_modules/koa-compose/index.js:45:18)
    at /Users/wwei/Documents/my_github/wwei-lego-backend/node_modules/.pnpm/@eggjs+router@2.0.1/node_modules/@eggjs/router/lib/router.js:186:18
    at dispatch (/Users/wwei/Documents/my_github/wwei-lego-backend/node_modules/.pnpm/koa-compose@3.2.1/node_modules/koa-compose/index.js:44:32)

pid: 28007
hostname: wangweideMacBook-Pro.local

2023-06-10 23:13:48,410 ERROR 28007 [-/127.0.0.1/-/1ms GET /users] nodejs.TypeError: Cannot read properties of undefined (reading 'find')
    at UsersService.queryUsers (/Users/wwei/Documents/my_github/wwei-lego-backend/app/service/usersService.ts:10:38)
    at UsersController.list (/Users/wwei/Documents/my_github/wwei-lego-backend/app/controller/usersController.ts:7:52)
    at Object.callFn (/Users/wwei/Documents/my_github/wwei-lego-backend/node_modules/.pnpm/egg-core@5.3.1/node_modules/egg-core/lib/utils/index.js:44:21)
    at Object.classControllerMiddleware (/Users/wwei/Documents/my_github/wwei-lego-backend/node_modules/.pnpm/egg-core@5.3.1/node_modules/egg-core/lib/loader/mixin/controller.js:87:20)
    at Object.callFn (/Users/wwei/Documents/my_github/wwei-lego-backend/node_modules/.pnpm/@eggjs+router@2.0.1/node_modules/@eggjs/router/lib/utils.js:12:21)
    at wrappedController (/Users/wwei/Documents/my_github/wwei-lego-backend/node_modules/.pnpm/@eggjs+router@2.0.1/node_modules/@eggjs/router/lib/egg_router.js:322:18)
    at dispatch (/Users/wwei/Documents/my_github/wwei-lego-backend/node_modules/.pnpm/koa-compose@3.2.1/node_modules/koa-compose/index.js:44:32)
    at next (/Users/wwei/Documents/my_github/wwei-lego-backend/node_modules/.pnpm/koa-compose@3.2.1/node_modules/koa-compose/index.js:45:18)
    at /Users/wwei/Documents/my_github/wwei-lego-backend/node_modules/.pnpm/@eggjs+router@2.0.1/node_modules/@eggjs/router/lib/router.js:186:18
    at dispatch (/Users/wwei/Documents/my_github/wwei-lego-backend/node_modules/.pnpm/koa-compose@3.2.1/node_modules/koa-compose/index.js:44:32)

pid: 28007
hostname: wangweideMacBook-Pro.local

2023-06-11 10:28:38,427 ERROR 37108 [-/127.0.0.1/-/0ms GET /] nodejs.TSError: [egg-core] load file: /Users/wwei/Documents/my_github/wwei-lego-backend/app/model/Users.ts, error: ‚®Ø Unable to compile TypeScript:
[96mapp/model/Users.ts[0m:[93m19[0m:[93m46[0m - [91merror[0m[90m TS2345: [0mArgument of type '{ user: { type: string; }; }' is not assignable to parameter of type 'UserProps | { username?: SchemaDefinitionProperty<string> | undefined; password?: SchemaDefinitionProperty<string> | undefined; ... 5 more ...; updatedAt?: SchemaDefinitionProperty<...> | undefined; } | undefined'.
  Object literal may only specify known properties, and 'user' does not exist in type 'UserProps | { username?: SchemaDefinitionProperty<string> | undefined; password?: SchemaDefinitionProperty<string> | undefined; ... 5 more ...; updatedAt?: SchemaDefinitionProperty<...> | undefined; }'.

[7m19[0m   const UserSchema = new Schema<UserProps>({ user: { type: 'string' } }, { collection: 'users' });
[7m  [0m [91m                                             ~~~~~~~~~~~~~~~~~~~~~~~~[0m
[96mapp/model/Users.ts[0m:[93m21[0m:[93m10[0m - [91merror[0m[90m TS2347: [0mUntyped function calls may not accept type arguments.

[7m21[0m   return conn.model<UserProps>('Users', UserSchema);
[7m  [0m [91m         ~~~~~~~~~~~~~~~~~~~~~~~~~~~~~~~~~~~~~~~~~~[0m

[96mapp/model/Users.ts[0m:[93m19[0m:[93m46[0m - [91merror[0m[90m TS2345: [0mArgument of type '{ user: { type: string; }; }' is not assignable to parameter of type 'UserProps | { username?: SchemaDefinitionProperty<string> | undefined; password?: SchemaDefinitionProperty<string> | undefined; ... 5 more ...; updatedAt?: SchemaDefinitionProperty<...> | undefined; } | undefined'.
  Object literal may only specify known properties, and 'user' does not exist in type 'UserProps | { username?: SchemaDefinitionProperty<string> | undefined; password?: SchemaDefinitionProperty<string> | undefined; ... 5 more ...; updatedAt?: SchemaDefinitionProperty<...> | undefined; }'.

[7m19[0m   const UserSchema = new Schema<UserProps>({ user: { type: 'string' } }, { collection: 'users' });
[7m  [0m [91m                                             ~~~~~~~~~~~~~~~~~~~~~~~~[0m
[96mapp/model/Users.ts[0m:[93m21[0m:[93m10[0m - [91merror[0m[90m TS2347: [0mUntyped function calls may not accept type arguments.

[7m21[0m   return conn.model<UserProps>('Users', UserSchema);
[7m  [0m [91m         ~~~~~~~~~~~~~~~~~~~~~~~~~~~~~~~~~~~~~~~~~~[0m

    at createTSError (/Users/wwei/Documents/my_github/wwei-lego-backend/node_modules/.pnpm/ts-node@10.9.1_@types+node@20.2.5_typescript@4.9.4/node_modules/ts-node/src/index.ts:859:12)
    at reportTSError (/Users/wwei/Documents/my_github/wwei-lego-backend/node_modules/.pnpm/ts-node@10.9.1_@types+node@20.2.5_typescript@4.9.4/node_modules/ts-node/src/index.ts:863:19)
    at getOutput (/Users/wwei/Documents/my_github/wwei-lego-backend/node_modules/.pnpm/ts-node@10.9.1_@types+node@20.2.5_typescript@4.9.4/node_modules/ts-node/src/index.ts:1077:36)
    at Object.compile (/Users/wwei/Documents/my_github/wwei-lego-backend/node_modules/.pnpm/ts-node@10.9.1_@types+node@20.2.5_typescript@4.9.4/node_modules/ts-node/src/index.ts:1433:41)
    at Module.m._compile (/Users/wwei/Documents/my_github/wwei-lego-backend/node_modules/.pnpm/ts-node@10.9.1_@types+node@20.2.5_typescript@4.9.4/node_modules/ts-node/src/index.ts:1617:30)
    at Module._extensions..js (node:internal/modules/cjs/loader:1213:10)
    at Object.require.extensions.<computed> [as .ts] (/Users/wwei/Documents/my_github/wwei-lego-backend/node_modules/.pnpm/ts-node@10.9.1_@types+node@20.2.5_typescript@4.9.4/node_modules/ts-node/src/index.ts:1621:12)
    at Module.load (node:internal/modules/cjs/loader:1037:32)
    at Function.Module._load (node:internal/modules/cjs/loader:878:12)
    at Module.require (node:internal/modules/cjs/loader:1061:19)
    at require (node:internal/modules/cjs/helpers:103:18)
    at Object.loadFile (/Users/wwei/Documents/my_github/wwei-lego-backend/node_modules/.pnpm/egg-core@5.3.1/node_modules/egg-core/lib/utils/index.js:27:19)
    at getExports (/Users/wwei/Documents/my_github/wwei-lego-backend/node_modules/.pnpm/egg-core@5.3.1/node_modules/egg-core/lib/loader/file_loader.js:199:23)
    at FileLoader.parse (/Users/wwei/Documents/my_github/wwei-lego-backend/node_modules/.pnpm/egg-core@5.3.1/node_modules/egg-core/lib/loader/file_loader.js:158:25)
    at FileLoader.load (/Users/wwei/Documents/my_github/wwei-lego-backend/node_modules/.pnpm/egg-core@5.3.1/node_modules/egg-core/lib/loader/file_loader.js:67:24)
    at AppWorkerLoader.loadToApp (/Users/wwei/Documents/my_github/wwei-lego-backend/node_modules/.pnpm/egg-core@5.3.1/node_modules/egg-core/lib/loader/egg_loader.js:399:25)
diagnosticCodes: [2345,2347]
pid: 37108
hostname: wangweideMacBook-Pro.local

2023-06-11 10:28:57,208 ERROR 37173 [-/127.0.0.1/-/1ms GET /] nodejs.TSError: [egg-core] load file: /Users/wwei/Documents/my_github/wwei-lego-backend/app/model/Users.ts, error: ‚®Ø Unable to compile TypeScript:
[96mapp/model/Users.ts[0m:[93m19[0m:[93m46[0m - [91merror[0m[90m TS2345: [0mArgument of type '{ user: { type: StringConstructor; unique: boolean; }; }' is not assignable to parameter of type 'UserProps | { username?: SchemaDefinitionProperty<string> | undefined; password?: SchemaDefinitionProperty<string> | undefined; ... 5 more ...; updatedAt?: SchemaDefinitionProperty<...> | undefined; } | undefined'.
  Object literal may only specify known properties, and 'user' does not exist in type 'UserProps | { username?: SchemaDefinitionProperty<string> | undefined; password?: SchemaDefinitionProperty<string> | undefined; ... 5 more ...; updatedAt?: SchemaDefinitionProperty<...> | undefined; }'.

[7m19[0m   const UserSchema = new Schema<UserProps>({ user: { type: String,unique: true }, { collection: 'users' });
[7m  [0m [91m                                             ~~~~~~~~~~~~~~~~~~~~~~~~~~~~~~~~~~~[0m
[96mapp/model/Users.ts[0m:[93m21[0m:[93m10[0m - [91merror[0m[90m TS2347: [0mUntyped function calls may not accept type arguments.

[7m21[0m   return conn.model<UserProps>('Users', UserSchema);
[7m  [0m [91m         ~~~~~~~~~~~~~~~~~~~~~~~~~~~~~~~~~~~~~~~~~~[0m
[96mapp/model/Users.ts[0m:[93m19[0m:[93m83[0m - [91merror[0m[90m TS1136: [0mProperty assignment expected.

[7m19[0m   const UserSchema = new Schema<UserProps>({ user: { type: String,unique: true }, { collection: 'users' });
[7m  [0m [91m                                                                                  ~[0m

[96mapp/model/Users.ts[0m:[93m19[0m:[93m46[0m - [91merror[0m[90m TS2345: [0mArgument of type '{ user: { type: StringConstructor; unique: boolean; }; }' is not assignable to parameter of type 'UserProps | { username?: SchemaDefinitionProperty<string> | undefined; password?: SchemaDefinitionProperty<string> | undefined; ... 5 more ...; updatedAt?: SchemaDefinitionProperty<...> | undefined; } | undefined'.
  Object literal may only specify known properties, and 'user' does not exist in type 'UserProps | { username?: SchemaDefinitionProperty<string> | undefined; password?: SchemaDefinitionProperty<string> | undefined; ... 5 more ...; updatedAt?: SchemaDefinitionProperty<...> | undefined; }'.

[7m19[0m   const UserSchema = new Schema<UserProps>({ user: { type: String,unique: true }, { collection: 'users' });
[7m  [0m [91m                                             ~~~~~~~~~~~~~~~~~~~~~~~~~~~~~~~~~~~[0m
[96mapp/model/Users.ts[0m:[93m21[0m:[93m10[0m - [91merror[0m[90m TS2347: [0mUntyped function calls may not accept type arguments.

[7m21[0m   return conn.model<UserProps>('Users', UserSchema);
[7m  [0m [91m         ~~~~~~~~~~~~~~~~~~~~~~~~~~~~~~~~~~~~~~~~~~[0m
[96mapp/model/Users.ts[0m:[93m19[0m:[93m83[0m - [91merror[0m[90m TS1136: [0mProperty assignment expected.

[7m19[0m   const UserSchema = new Schema<UserProps>({ user: { type: String,unique: true }, { collection: 'users' });
[7m  [0m [91m                                                                                  ~[0m

    at createTSError (/Users/wwei/Documents/my_github/wwei-lego-backend/node_modules/.pnpm/ts-node@10.9.1_@types+node@20.2.5_typescript@4.9.4/node_modules/ts-node/src/index.ts:859:12)
    at reportTSError (/Users/wwei/Documents/my_github/wwei-lego-backend/node_modules/.pnpm/ts-node@10.9.1_@types+node@20.2.5_typescript@4.9.4/node_modules/ts-node/src/index.ts:863:19)
    at getOutput (/Users/wwei/Documents/my_github/wwei-lego-backend/node_modules/.pnpm/ts-node@10.9.1_@types+node@20.2.5_typescript@4.9.4/node_modules/ts-node/src/index.ts:1077:36)
    at Object.compile (/Users/wwei/Documents/my_github/wwei-lego-backend/node_modules/.pnpm/ts-node@10.9.1_@types+node@20.2.5_typescript@4.9.4/node_modules/ts-node/src/index.ts:1433:41)
    at Module.m._compile (/Users/wwei/Documents/my_github/wwei-lego-backend/node_modules/.pnpm/ts-node@10.9.1_@types+node@20.2.5_typescript@4.9.4/node_modules/ts-node/src/index.ts:1617:30)
    at Module._extensions..js (node:internal/modules/cjs/loader:1213:10)
    at Object.require.extensions.<computed> [as .ts] (/Users/wwei/Documents/my_github/wwei-lego-backend/node_modules/.pnpm/ts-node@10.9.1_@types+node@20.2.5_typescript@4.9.4/node_modules/ts-node/src/index.ts:1621:12)
    at Module.load (node:internal/modules/cjs/loader:1037:32)
    at Function.Module._load (node:internal/modules/cjs/loader:878:12)
    at Module.require (node:internal/modules/cjs/loader:1061:19)
    at require (node:internal/modules/cjs/helpers:103:18)
    at Object.loadFile (/Users/wwei/Documents/my_github/wwei-lego-backend/node_modules/.pnpm/egg-core@5.3.1/node_modules/egg-core/lib/utils/index.js:27:19)
    at getExports (/Users/wwei/Documents/my_github/wwei-lego-backend/node_modules/.pnpm/egg-core@5.3.1/node_modules/egg-core/lib/loader/file_loader.js:199:23)
    at FileLoader.parse (/Users/wwei/Documents/my_github/wwei-lego-backend/node_modules/.pnpm/egg-core@5.3.1/node_modules/egg-core/lib/loader/file_loader.js:158:25)
    at FileLoader.load (/Users/wwei/Documents/my_github/wwei-lego-backend/node_modules/.pnpm/egg-core@5.3.1/node_modules/egg-core/lib/loader/file_loader.js:67:24)
    at AppWorkerLoader.loadToApp (/Users/wwei/Documents/my_github/wwei-lego-backend/node_modules/.pnpm/egg-core@5.3.1/node_modules/egg-core/lib/loader/egg_loader.js:399:25)
diagnosticCodes: [2345,2347,1136]
pid: 37173
hostname: wangweideMacBook-Pro.local

2023-06-11 10:29:38,972 ERROR 37258 [-/127.0.0.1/-/1ms GET /] nodejs.TSError: [egg-core] load file: /Users/wwei/Documents/my_github/wwei-lego-backend/app/model/Users.ts, error: ‚®Ø Unable to compile TypeScript:
[96mapp/model/Users.ts[0m:[93m24[0m:[93m10[0m - [91merror[0m[90m TS2347: [0mUntyped function calls may not accept type arguments.

[7m24[0m   return conn.model<UserProps>('Users', UserSchema);
[7m  [0m [91m         ~~~~~~~~~~~~~~~~~~~~~~~~~~~~~~~~~~~~~~~~~~[0m

[96mapp/model/Users.ts[0m:[93m24[0m:[93m10[0m - [91merror[0m[90m TS2347: [0mUntyped function calls may not accept type arguments.

[7m24[0m   return conn.model<UserProps>('Users', UserSchema);
[7m  [0m [91m         ~~~~~~~~~~~~~~~~~~~~~~~~~~~~~~~~~~~~~~~~~~[0m

    at createTSError (/Users/wwei/Documents/my_github/wwei-lego-backend/node_modules/.pnpm/ts-node@10.9.1_@types+node@20.2.5_typescript@4.9.4/node_modules/ts-node/src/index.ts:859:12)
    at reportTSError (/Users/wwei/Documents/my_github/wwei-lego-backend/node_modules/.pnpm/ts-node@10.9.1_@types+node@20.2.5_typescript@4.9.4/node_modules/ts-node/src/index.ts:863:19)
    at getOutput (/Users/wwei/Documents/my_github/wwei-lego-backend/node_modules/.pnpm/ts-node@10.9.1_@types+node@20.2.5_typescript@4.9.4/node_modules/ts-node/src/index.ts:1077:36)
    at Object.compile (/Users/wwei/Documents/my_github/wwei-lego-backend/node_modules/.pnpm/ts-node@10.9.1_@types+node@20.2.5_typescript@4.9.4/node_modules/ts-node/src/index.ts:1433:41)
    at Module.m._compile (/Users/wwei/Documents/my_github/wwei-lego-backend/node_modules/.pnpm/ts-node@10.9.1_@types+node@20.2.5_typescript@4.9.4/node_modules/ts-node/src/index.ts:1617:30)
    at Module._extensions..js (node:internal/modules/cjs/loader:1213:10)
    at Object.require.extensions.<computed> [as .ts] (/Users/wwei/Documents/my_github/wwei-lego-backend/node_modules/.pnpm/ts-node@10.9.1_@types+node@20.2.5_typescript@4.9.4/node_modules/ts-node/src/index.ts:1621:12)
    at Module.load (node:internal/modules/cjs/loader:1037:32)
    at Function.Module._load (node:internal/modules/cjs/loader:878:12)
    at Module.require (node:internal/modules/cjs/loader:1061:19)
    at require (node:internal/modules/cjs/helpers:103:18)
    at Object.loadFile (/Users/wwei/Documents/my_github/wwei-lego-backend/node_modules/.pnpm/egg-core@5.3.1/node_modules/egg-core/lib/utils/index.js:27:19)
    at getExports (/Users/wwei/Documents/my_github/wwei-lego-backend/node_modules/.pnpm/egg-core@5.3.1/node_modules/egg-core/lib/loader/file_loader.js:199:23)
    at FileLoader.parse (/Users/wwei/Documents/my_github/wwei-lego-backend/node_modules/.pnpm/egg-core@5.3.1/node_modules/egg-core/lib/loader/file_loader.js:158:25)
    at FileLoader.load (/Users/wwei/Documents/my_github/wwei-lego-backend/node_modules/.pnpm/egg-core@5.3.1/node_modules/egg-core/lib/loader/file_loader.js:67:24)
    at AppWorkerLoader.loadToApp (/Users/wwei/Documents/my_github/wwei-lego-backend/node_modules/.pnpm/egg-core@5.3.1/node_modules/egg-core/lib/loader/egg_loader.js:399:25)
diagnosticCodes: [2347]
pid: 37258
hostname: wangweideMacBook-Pro.local

2023-06-11 10:34:34,357 ERROR 37875 [-/127.0.0.1/-/7ms GET /users] nodejs.TypeError: Cannot read properties of undefined (reading 'queryUsers')
    at UsersController.list (/Users/wwei/Documents/my_github/wwei-lego-backend/app/controller/usersController.ts:7:51)
    at Object.callFn (/Users/wwei/Documents/my_github/wwei-lego-backend/node_modules/.pnpm/egg-core@5.3.1/node_modules/egg-core/lib/utils/index.js:44:21)
    at Object.classControllerMiddleware (/Users/wwei/Documents/my_github/wwei-lego-backend/node_modules/.pnpm/egg-core@5.3.1/node_modules/egg-core/lib/loader/mixin/controller.js:87:20)
    at Object.callFn (/Users/wwei/Documents/my_github/wwei-lego-backend/node_modules/.pnpm/@eggjs+router@2.0.1/node_modules/@eggjs/router/lib/utils.js:12:21)
    at wrappedController (/Users/wwei/Documents/my_github/wwei-lego-backend/node_modules/.pnpm/@eggjs+router@2.0.1/node_modules/@eggjs/router/lib/egg_router.js:322:18)
    at dispatch (/Users/wwei/Documents/my_github/wwei-lego-backend/node_modules/.pnpm/koa-compose@3.2.1/node_modules/koa-compose/index.js:44:32)
    at next (/Users/wwei/Documents/my_github/wwei-lego-backend/node_modules/.pnpm/koa-compose@3.2.1/node_modules/koa-compose/index.js:45:18)
    at /Users/wwei/Documents/my_github/wwei-lego-backend/node_modules/.pnpm/@eggjs+router@2.0.1/node_modules/@eggjs/router/lib/router.js:186:18
    at dispatch (/Users/wwei/Documents/my_github/wwei-lego-backend/node_modules/.pnpm/koa-compose@3.2.1/node_modules/koa-compose/index.js:44:32)
    at /Users/wwei/Documents/my_github/wwei-lego-backend/node_modules/.pnpm/koa-compose@3.2.1/node_modules/koa-compose/index.js:36:12
    at dispatch (/Users/wwei/Documents/my_github/wwei-lego-backend/node_modules/.pnpm/@eggjs+router@2.0.1/node_modules/@eggjs/router/lib/router.js:191:33)
    at dispatch (/Users/wwei/Documents/my_github/wwei-lego-backend/node_modules/.pnpm/koa-compose@4.1.0/node_modules/koa-compose/index.js:42:32)
    at /Users/wwei/Documents/my_github/wwei-lego-backend/node_modules/.pnpm/egg-development@2.7.0/node_modules/egg-development/app/middleware/egg_loader_trace.js:9:56
    at dispatch (/Users/wwei/Documents/my_github/wwei-lego-backend/node_modules/.pnpm/koa-compose@4.1.0/node_modules/koa-compose/index.js:42:32)
    at i18n (/Users/wwei/Documents/my_github/wwei-lego-backend/node_modules/.pnpm/egg-i18n@2.1.1/node_modules/egg-i18n/app/middleware/i18n.js:13:12)
    at dispatch (/Users/wwei/Documents/my_github/wwei-lego-backend/node_modules/.pnpm/koa-compose@4.1.0/node_modules/koa-compose/index.js:42:32)

pid: 37875
hostname: wangweideMacBook-Pro.local

2023-06-11 10:35:16,834 ERROR 37875 [-/127.0.0.1/-/1ms GET /users] nodejs.TypeError: Cannot read properties of undefined (reading 'queryUsers')
    at UsersController.list (/Users/wwei/Documents/my_github/wwei-lego-backend/app/controller/usersController.ts:7:51)
    at Object.callFn (/Users/wwei/Documents/my_github/wwei-lego-backend/node_modules/.pnpm/egg-core@5.3.1/node_modules/egg-core/lib/utils/index.js:44:21)
    at Object.classControllerMiddleware (/Users/wwei/Documents/my_github/wwei-lego-backend/node_modules/.pnpm/egg-core@5.3.1/node_modules/egg-core/lib/loader/mixin/controller.js:87:20)
    at Object.callFn (/Users/wwei/Documents/my_github/wwei-lego-backend/node_modules/.pnpm/@eggjs+router@2.0.1/node_modules/@eggjs/router/lib/utils.js:12:21)
    at wrappedController (/Users/wwei/Documents/my_github/wwei-lego-backend/node_modules/.pnpm/@eggjs+router@2.0.1/node_modules/@eggjs/router/lib/egg_router.js:322:18)
    at dispatch (/Users/wwei/Documents/my_github/wwei-lego-backend/node_modules/.pnpm/koa-compose@3.2.1/node_modules/koa-compose/index.js:44:32)
    at next (/Users/wwei/Documents/my_github/wwei-lego-backend/node_modules/.pnpm/koa-compose@3.2.1/node_modules/koa-compose/index.js:45:18)
    at /Users/wwei/Documents/my_github/wwei-lego-backend/node_modules/.pnpm/@eggjs+router@2.0.1/node_modules/@eggjs/router/lib/router.js:186:18
    at dispatch (/Users/wwei/Documents/my_github/wwei-lego-backend/node_modules/.pnpm/koa-compose@3.2.1/node_modules/koa-compose/index.js:44:32)
    at /Users/wwei/Documents/my_github/wwei-lego-backend/node_modules/.pnpm/koa-compose@3.2.1/node_modules/koa-compose/index.js:36:12
    at dispatch (/Users/wwei/Documents/my_github/wwei-lego-backend/node_modules/.pnpm/@eggjs+router@2.0.1/node_modules/@eggjs/router/lib/router.js:191:33)
    at dispatch (/Users/wwei/Documents/my_github/wwei-lego-backend/node_modules/.pnpm/koa-compose@4.1.0/node_modules/koa-compose/index.js:42:32)
    at /Users/wwei/Documents/my_github/wwei-lego-backend/node_modules/.pnpm/egg-development@2.7.0/node_modules/egg-development/app/middleware/egg_loader_trace.js:9:56
    at dispatch (/Users/wwei/Documents/my_github/wwei-lego-backend/node_modules/.pnpm/koa-compose@4.1.0/node_modules/koa-compose/index.js:42:32)
    at i18n (/Users/wwei/Documents/my_github/wwei-lego-backend/node_modules/.pnpm/egg-i18n@2.1.1/node_modules/egg-i18n/app/middleware/i18n.js:13:12)
    at dispatch (/Users/wwei/Documents/my_github/wwei-lego-backend/node_modules/.pnpm/koa-compose@4.1.0/node_modules/koa-compose/index.js:42:32)

pid: 37875
hostname: wangweideMacBook-Pro.local

2023-06-11 10:35:17,986 ERROR 37875 [-/127.0.0.1/-/1ms GET /users] nodejs.TypeError: Cannot read properties of undefined (reading 'queryUsers')
    at UsersController.list (/Users/wwei/Documents/my_github/wwei-lego-backend/app/controller/usersController.ts:7:51)
    at Object.callFn (/Users/wwei/Documents/my_github/wwei-lego-backend/node_modules/.pnpm/egg-core@5.3.1/node_modules/egg-core/lib/utils/index.js:44:21)
    at Object.classControllerMiddleware (/Users/wwei/Documents/my_github/wwei-lego-backend/node_modules/.pnpm/egg-core@5.3.1/node_modules/egg-core/lib/loader/mixin/controller.js:87:20)
    at Object.callFn (/Users/wwei/Documents/my_github/wwei-lego-backend/node_modules/.pnpm/@eggjs+router@2.0.1/node_modules/@eggjs/router/lib/utils.js:12:21)
    at wrappedController (/Users/wwei/Documents/my_github/wwei-lego-backend/node_modules/.pnpm/@eggjs+router@2.0.1/node_modules/@eggjs/router/lib/egg_router.js:322:18)
    at dispatch (/Users/wwei/Documents/my_github/wwei-lego-backend/node_modules/.pnpm/koa-compose@3.2.1/node_modules/koa-compose/index.js:44:32)
    at next (/Users/wwei/Documents/my_github/wwei-lego-backend/node_modules/.pnpm/koa-compose@3.2.1/node_modules/koa-compose/index.js:45:18)
    at /Users/wwei/Documents/my_github/wwei-lego-backend/node_modules/.pnpm/@eggjs+router@2.0.1/node_modules/@eggjs/router/lib/router.js:186:18
    at dispatch (/Users/wwei/Documents/my_github/wwei-lego-backend/node_modules/.pnpm/koa-compose@3.2.1/node_modules/koa-compose/index.js:44:32)
    at /Users/wwei/Documents/my_github/wwei-lego-backend/node_modules/.pnpm/koa-compose@3.2.1/node_modules/koa-compose/index.js:36:12
    at dispatch (/Users/wwei/Documents/my_github/wwei-lego-backend/node_modules/.pnpm/@eggjs+router@2.0.1/node_modules/@eggjs/router/lib/router.js:191:33)
    at dispatch (/Users/wwei/Documents/my_github/wwei-lego-backend/node_modules/.pnpm/koa-compose@4.1.0/node_modules/koa-compose/index.js:42:32)
    at /Users/wwei/Documents/my_github/wwei-lego-backend/node_modules/.pnpm/egg-development@2.7.0/node_modules/egg-development/app/middleware/egg_loader_trace.js:9:56
    at dispatch (/Users/wwei/Documents/my_github/wwei-lego-backend/node_modules/.pnpm/koa-compose@4.1.0/node_modules/koa-compose/index.js:42:32)
    at i18n (/Users/wwei/Documents/my_github/wwei-lego-backend/node_modules/.pnpm/egg-i18n@2.1.1/node_modules/egg-i18n/app/middleware/i18n.js:13:12)
    at dispatch (/Users/wwei/Documents/my_github/wwei-lego-backend/node_modules/.pnpm/koa-compose@4.1.0/node_modules/koa-compose/index.js:42:32)

pid: 37875
hostname: wangweideMacBook-Pro.local

2023-06-11 11:09:46,244 WARN 40626 [-/127.0.0.1/-/2ms POST /api/users/createUserByEmail] invalid csrf token. See https://eggjs.org/zh-cn/core/security.html#ÂÆâÂÖ®Â®ÅËÉÅcsrfÁöÑÈò≤ËåÉ
2023-06-11 11:09:46,276 WARN 40626 [-/127.0.0.1/-/4ms POST /api/users/createUserByEmail] nodejs.ForbiddenError: invalid csrf token
    at Object.throw (/Users/wwei/Documents/my_github/wwei-lego-backend/node_modules/.pnpm/koa@2.14.2/node_modules/koa/lib/context.js:97:11)
    at Object.assertCsrf (/Users/wwei/Documents/my_github/wwei-lego-backend/node_modules/.pnpm/egg-security@2.11.0/node_modules/egg-security/app/extend/context.js:163:32)
    at csrf (/Users/wwei/Documents/my_github/wwei-lego-backend/node_modules/.pnpm/egg-security@2.11.0/node_modules/egg-security/lib/middlewares/csrf.js:39:9)
    at dispatch (/Users/wwei/Documents/my_github/wwei-lego-backend/node_modules/.pnpm/koa-compose@4.1.0/node_modules/koa-compose/index.js:42:32)
    at /Users/wwei/Documents/my_github/wwei-lego-backend/node_modules/.pnpm/koa-compose@4.1.0/node_modules/koa-compose/index.js:34:12
    at dispatch (/Users/wwei/Documents/my_github/wwei-lego-backend/node_modules/.pnpm/koa-compose@4.1.0/node_modules/koa-compose/index.js:42:32)
    at session (/Users/wwei/Documents/my_github/wwei-lego-backend/node_modules/.pnpm/koa-session@6.4.0/node_modules/koa-session/index.js:41:13)
    at dispatch (/Users/wwei/Documents/my_github/wwei-lego-backend/node_modules/.pnpm/koa-compose@4.1.0/node_modules/koa-compose/index.js:42:32)
    at overrideMethod (/Users/wwei/Documents/my_github/wwei-lego-backend/node_modules/.pnpm/koa-override@3.0.0/node_modules/koa-override/index.js:38:12)
    at dispatch (/Users/wwei/Documents/my_github/wwei-lego-backend/node_modules/.pnpm/koa-compose@4.1.0/node_modules/koa-compose/index.js:42:32)
    at bodyParser (/Users/wwei/Documents/my_github/wwei-lego-backend/node_modules/.pnpm/koa-bodyparser@4.4.0/node_modules/koa-bodyparser/index.js:91:11)
    at async /Users/wwei/Documents/my_github/wwei-lego-backend/node_modules/.pnpm/koa-static-cache@5.1.4/node_modules/koa-static-cache/index.js:39:63
    at async notfound (/Users/wwei/Documents/my_github/wwei-lego-backend/node_modules/.pnpm/egg@3.11.0/node_modules/egg/app/middleware/notfound.js:5:5)
    at async meta (/Users/wwei/Documents/my_github/wwei-lego-backend/node_modules/.pnpm/egg@3.11.0/node_modules/egg/app/middleware/meta.js:12:5)
    at async /Users/wwei/Documents/my_github/wwei-lego-backend/node_modules/.pnpm/koa@2.14.2/node_modules/koa/lib/application.js:160:16
message: "invalid csrf token"
pid: 40626
hostname: wangweideMacBook-Pro.local

2023-06-11 11:10:05,908 WARN 40626 [-/127.0.0.1/-/1ms POST /api/users/create] invalid csrf token. See https://eggjs.org/zh-cn/core/security.html#ÂÆâÂÖ®Â®ÅËÉÅcsrfÁöÑÈò≤ËåÉ
2023-06-11 11:10:05,908 WARN 40626 [-/127.0.0.1/-/1ms POST /api/users/create] nodejs.ForbiddenError: invalid csrf token
    at Object.throw (/Users/wwei/Documents/my_github/wwei-lego-backend/node_modules/.pnpm/koa@2.14.2/node_modules/koa/lib/context.js:97:11)
    at Object.assertCsrf (/Users/wwei/Documents/my_github/wwei-lego-backend/node_modules/.pnpm/egg-security@2.11.0/node_modules/egg-security/app/extend/context.js:163:32)
    at csrf (/Users/wwei/Documents/my_github/wwei-lego-backend/node_modules/.pnpm/egg-security@2.11.0/node_modules/egg-security/lib/middlewares/csrf.js:39:9)
    at dispatch (/Users/wwei/Documents/my_github/wwei-lego-backend/node_modules/.pnpm/koa-compose@4.1.0/node_modules/koa-compose/index.js:42:32)
    at /Users/wwei/Documents/my_github/wwei-lego-backend/node_modules/.pnpm/koa-compose@4.1.0/node_modules/koa-compose/index.js:34:12
    at dispatch (/Users/wwei/Documents/my_github/wwei-lego-backend/node_modules/.pnpm/koa-compose@4.1.0/node_modules/koa-compose/index.js:42:32)
    at session (/Users/wwei/Documents/my_github/wwei-lego-backend/node_modules/.pnpm/koa-session@6.4.0/node_modules/koa-session/index.js:41:13)
    at dispatch (/Users/wwei/Documents/my_github/wwei-lego-backend/node_modules/.pnpm/koa-compose@4.1.0/node_modules/koa-compose/index.js:42:32)
    at overrideMethod (/Users/wwei/Documents/my_github/wwei-lego-backend/node_modules/.pnpm/koa-override@3.0.0/node_modules/koa-override/index.js:38:12)
    at dispatch (/Users/wwei/Documents/my_github/wwei-lego-backend/node_modules/.pnpm/koa-compose@4.1.0/node_modules/koa-compose/index.js:42:32)
    at bodyParser (/Users/wwei/Documents/my_github/wwei-lego-backend/node_modules/.pnpm/koa-bodyparser@4.4.0/node_modules/koa-bodyparser/index.js:91:11)
    at async /Users/wwei/Documents/my_github/wwei-lego-backend/node_modules/.pnpm/koa-static-cache@5.1.4/node_modules/koa-static-cache/index.js:39:63
    at async notfound (/Users/wwei/Documents/my_github/wwei-lego-backend/node_modules/.pnpm/egg@3.11.0/node_modules/egg/app/middleware/notfound.js:5:5)
    at async meta (/Users/wwei/Documents/my_github/wwei-lego-backend/node_modules/.pnpm/egg@3.11.0/node_modules/egg/app/middleware/meta.js:12:5)
    at async /Users/wwei/Documents/my_github/wwei-lego-backend/node_modules/.pnpm/koa@2.14.2/node_modules/koa/lib/application.js:160:16
message: "invalid csrf token"
pid: 40626
hostname: wangweideMacBook-Pro.local

2023-06-11 11:10:21,872 WARN 40626 [-/127.0.0.1/-/1ms POST /api/users/create] invalid csrf token. See https://eggjs.org/zh-cn/core/security.html#ÂÆâÂÖ®Â®ÅËÉÅcsrfÁöÑÈò≤ËåÉ
2023-06-11 11:10:21,880 WARN 40626 [-/127.0.0.1/-/1ms POST /api/users/create] nodejs.ForbiddenError: invalid csrf token
    at Object.throw (/Users/wwei/Documents/my_github/wwei-lego-backend/node_modules/.pnpm/koa@2.14.2/node_modules/koa/lib/context.js:97:11)
    at Object.assertCsrf (/Users/wwei/Documents/my_github/wwei-lego-backend/node_modules/.pnpm/egg-security@2.11.0/node_modules/egg-security/app/extend/context.js:163:32)
    at csrf (/Users/wwei/Documents/my_github/wwei-lego-backend/node_modules/.pnpm/egg-security@2.11.0/node_modules/egg-security/lib/middlewares/csrf.js:39:9)
    at dispatch (/Users/wwei/Documents/my_github/wwei-lego-backend/node_modules/.pnpm/koa-compose@4.1.0/node_modules/koa-compose/index.js:42:32)
    at /Users/wwei/Documents/my_github/wwei-lego-backend/node_modules/.pnpm/koa-compose@4.1.0/node_modules/koa-compose/index.js:34:12
    at dispatch (/Users/wwei/Documents/my_github/wwei-lego-backend/node_modules/.pnpm/koa-compose@4.1.0/node_modules/koa-compose/index.js:42:32)
    at session (/Users/wwei/Documents/my_github/wwei-lego-backend/node_modules/.pnpm/koa-session@6.4.0/node_modules/koa-session/index.js:41:13)
    at dispatch (/Users/wwei/Documents/my_github/wwei-lego-backend/node_modules/.pnpm/koa-compose@4.1.0/node_modules/koa-compose/index.js:42:32)
    at overrideMethod (/Users/wwei/Documents/my_github/wwei-lego-backend/node_modules/.pnpm/koa-override@3.0.0/node_modules/koa-override/index.js:38:12)
    at dispatch (/Users/wwei/Documents/my_github/wwei-lego-backend/node_modules/.pnpm/koa-compose@4.1.0/node_modules/koa-compose/index.js:42:32)
    at bodyParser (/Users/wwei/Documents/my_github/wwei-lego-backend/node_modules/.pnpm/koa-bodyparser@4.4.0/node_modules/koa-bodyparser/index.js:91:11)
    at async /Users/wwei/Documents/my_github/wwei-lego-backend/node_modules/.pnpm/koa-static-cache@5.1.4/node_modules/koa-static-cache/index.js:39:63
    at async notfound (/Users/wwei/Documents/my_github/wwei-lego-backend/node_modules/.pnpm/egg@3.11.0/node_modules/egg/app/middleware/notfound.js:5:5)
    at async meta (/Users/wwei/Documents/my_github/wwei-lego-backend/node_modules/.pnpm/egg@3.11.0/node_modules/egg/app/middleware/meta.js:12:5)
    at async /Users/wwei/Documents/my_github/wwei-lego-backend/node_modules/.pnpm/koa@2.14.2/node_modules/koa/lib/application.js:160:16
message: "invalid csrf token"
pid: 40626
hostname: wangweideMacBook-Pro.local

2023-06-11 11:11:59,797 WARN 40626 [-/127.0.0.1/-/20ms POST /api/users/create] invalid csrf token. See https://eggjs.org/zh-cn/core/security.html#ÂÆâÂÖ®Â®ÅËÉÅcsrfÁöÑÈò≤ËåÉ
2023-06-11 11:11:59,799 WARN 40626 [-/127.0.0.1/-/21ms POST /api/users/create] nodejs.ForbiddenError: invalid csrf token
    at Object.throw (/Users/wwei/Documents/my_github/wwei-lego-backend/node_modules/.pnpm/koa@2.14.2/node_modules/koa/lib/context.js:97:11)
    at Object.assertCsrf (/Users/wwei/Documents/my_github/wwei-lego-backend/node_modules/.pnpm/egg-security@2.11.0/node_modules/egg-security/app/extend/context.js:163:32)
    at csrf (/Users/wwei/Documents/my_github/wwei-lego-backend/node_modules/.pnpm/egg-security@2.11.0/node_modules/egg-security/lib/middlewares/csrf.js:39:9)
    at dispatch (/Users/wwei/Documents/my_github/wwei-lego-backend/node_modules/.pnpm/koa-compose@4.1.0/node_modules/koa-compose/index.js:42:32)
    at /Users/wwei/Documents/my_github/wwei-lego-backend/node_modules/.pnpm/koa-compose@4.1.0/node_modules/koa-compose/index.js:34:12
    at dispatch (/Users/wwei/Documents/my_github/wwei-lego-backend/node_modules/.pnpm/koa-compose@4.1.0/node_modules/koa-compose/index.js:42:32)
    at session (/Users/wwei/Documents/my_github/wwei-lego-backend/node_modules/.pnpm/koa-session@6.4.0/node_modules/koa-session/index.js:41:13)
    at dispatch (/Users/wwei/Documents/my_github/wwei-lego-backend/node_modules/.pnpm/koa-compose@4.1.0/node_modules/koa-compose/index.js:42:32)
    at overrideMethod (/Users/wwei/Documents/my_github/wwei-lego-backend/node_modules/.pnpm/koa-override@3.0.0/node_modules/koa-override/index.js:38:12)
    at dispatch (/Users/wwei/Documents/my_github/wwei-lego-backend/node_modules/.pnpm/koa-compose@4.1.0/node_modules/koa-compose/index.js:42:32)
    at bodyParser (/Users/wwei/Documents/my_github/wwei-lego-backend/node_modules/.pnpm/koa-bodyparser@4.4.0/node_modules/koa-bodyparser/index.js:91:11)
    at processTicksAndRejections (node:internal/process/task_queues:95:5)
    at async /Users/wwei/Documents/my_github/wwei-lego-backend/node_modules/.pnpm/koa-static-cache@5.1.4/node_modules/koa-static-cache/index.js:39:63
    at async notfound (/Users/wwei/Documents/my_github/wwei-lego-backend/node_modules/.pnpm/egg@3.11.0/node_modules/egg/app/middleware/notfound.js:5:5)
    at async meta (/Users/wwei/Documents/my_github/wwei-lego-backend/node_modules/.pnpm/egg@3.11.0/node_modules/egg/app/middleware/meta.js:12:5)
    at async /Users/wwei/Documents/my_github/wwei-lego-backend/node_modules/.pnpm/koa@2.14.2/node_modules/koa/lib/application.js:160:16
message: "invalid csrf token"
pid: 40626
hostname: wangweideMacBook-Pro.local

2023-06-11 11:14:59,401 WARN 40626 [-/127.0.0.1/-/10ms POST /api/users] invalid csrf token. See https://eggjs.org/zh-cn/core/security.html#ÂÆâÂÖ®Â®ÅËÉÅcsrfÁöÑÈò≤ËåÉ
2023-06-11 11:14:59,420 WARN 40626 [-/127.0.0.1/-/12ms POST /api/users] nodejs.ForbiddenError: invalid csrf token
    at Object.throw (/Users/wwei/Documents/my_github/wwei-lego-backend/node_modules/.pnpm/koa@2.14.2/node_modules/koa/lib/context.js:97:11)
    at Object.assertCsrf (/Users/wwei/Documents/my_github/wwei-lego-backend/node_modules/.pnpm/egg-security@2.11.0/node_modules/egg-security/app/extend/context.js:163:32)
    at csrf (/Users/wwei/Documents/my_github/wwei-lego-backend/node_modules/.pnpm/egg-security@2.11.0/node_modules/egg-security/lib/middlewares/csrf.js:39:9)
    at dispatch (/Users/wwei/Documents/my_github/wwei-lego-backend/node_modules/.pnpm/koa-compose@4.1.0/node_modules/koa-compose/index.js:42:32)
    at /Users/wwei/Documents/my_github/wwei-lego-backend/node_modules/.pnpm/koa-compose@4.1.0/node_modules/koa-compose/index.js:34:12
    at dispatch (/Users/wwei/Documents/my_github/wwei-lego-backend/node_modules/.pnpm/koa-compose@4.1.0/node_modules/koa-compose/index.js:42:32)
    at session (/Users/wwei/Documents/my_github/wwei-lego-backend/node_modules/.pnpm/koa-session@6.4.0/node_modules/koa-session/index.js:41:13)
    at dispatch (/Users/wwei/Documents/my_github/wwei-lego-backend/node_modules/.pnpm/koa-compose@4.1.0/node_modules/koa-compose/index.js:42:32)
    at overrideMethod (/Users/wwei/Documents/my_github/wwei-lego-backend/node_modules/.pnpm/koa-override@3.0.0/node_modules/koa-override/index.js:38:12)
    at dispatch (/Users/wwei/Documents/my_github/wwei-lego-backend/node_modules/.pnpm/koa-compose@4.1.0/node_modules/koa-compose/index.js:42:32)
    at bodyParser (/Users/wwei/Documents/my_github/wwei-lego-backend/node_modules/.pnpm/koa-bodyparser@4.4.0/node_modules/koa-bodyparser/index.js:91:11)
    at processTicksAndRejections (node:internal/process/task_queues:95:5)
    at async /Users/wwei/Documents/my_github/wwei-lego-backend/node_modules/.pnpm/koa-static-cache@5.1.4/node_modules/koa-static-cache/index.js:39:63
    at async notfound (/Users/wwei/Documents/my_github/wwei-lego-backend/node_modules/.pnpm/egg@3.11.0/node_modules/egg/app/middleware/notfound.js:5:5)
    at async meta (/Users/wwei/Documents/my_github/wwei-lego-backend/node_modules/.pnpm/egg@3.11.0/node_modules/egg/app/middleware/meta.js:12:5)
    at async /Users/wwei/Documents/my_github/wwei-lego-backend/node_modules/.pnpm/koa@2.14.2/node_modules/koa/lib/application.js:160:16
message: "invalid csrf token"
pid: 40626
hostname: wangweideMacBook-Pro.local

2023-06-11 11:16:46,447 WARN 40626 [-/127.0.0.1/-/0ms POST /api/users/create] invalid csrf token. See https://eggjs.org/zh-cn/core/security.html#ÂÆâÂÖ®Â®ÅËÉÅcsrfÁöÑÈò≤ËåÉ
2023-06-11 11:16:46,449 WARN 40626 [-/127.0.0.1/-/1ms POST /api/users/create] nodejs.ForbiddenError: invalid csrf token
    at Object.throw (/Users/wwei/Documents/my_github/wwei-lego-backend/node_modules/.pnpm/koa@2.14.2/node_modules/koa/lib/context.js:97:11)
    at Object.assertCsrf (/Users/wwei/Documents/my_github/wwei-lego-backend/node_modules/.pnpm/egg-security@2.11.0/node_modules/egg-security/app/extend/context.js:163:32)
    at csrf (/Users/wwei/Documents/my_github/wwei-lego-backend/node_modules/.pnpm/egg-security@2.11.0/node_modules/egg-security/lib/middlewares/csrf.js:39:9)
    at dispatch (/Users/wwei/Documents/my_github/wwei-lego-backend/node_modules/.pnpm/koa-compose@4.1.0/node_modules/koa-compose/index.js:42:32)
    at /Users/wwei/Documents/my_github/wwei-lego-backend/node_modules/.pnpm/koa-compose@4.1.0/node_modules/koa-compose/index.js:34:12
    at dispatch (/Users/wwei/Documents/my_github/wwei-lego-backend/node_modules/.pnpm/koa-compose@4.1.0/node_modules/koa-compose/index.js:42:32)
    at session (/Users/wwei/Documents/my_github/wwei-lego-backend/node_modules/.pnpm/koa-session@6.4.0/node_modules/koa-session/index.js:41:13)
    at dispatch (/Users/wwei/Documents/my_github/wwei-lego-backend/node_modules/.pnpm/koa-compose@4.1.0/node_modules/koa-compose/index.js:42:32)
    at overrideMethod (/Users/wwei/Documents/my_github/wwei-lego-backend/node_modules/.pnpm/koa-override@3.0.0/node_modules/koa-override/index.js:38:12)
    at dispatch (/Users/wwei/Documents/my_github/wwei-lego-backend/node_modules/.pnpm/koa-compose@4.1.0/node_modules/koa-compose/index.js:42:32)
    at bodyParser (/Users/wwei/Documents/my_github/wwei-lego-backend/node_modules/.pnpm/koa-bodyparser@4.4.0/node_modules/koa-bodyparser/index.js:91:11)
    at processTicksAndRejections (node:internal/process/task_queues:95:5)
    at async /Users/wwei/Documents/my_github/wwei-lego-backend/node_modules/.pnpm/koa-static-cache@5.1.4/node_modules/koa-static-cache/index.js:39:63
    at async notfound (/Users/wwei/Documents/my_github/wwei-lego-backend/node_modules/.pnpm/egg@3.11.0/node_modules/egg/app/middleware/notfound.js:5:5)
    at async meta (/Users/wwei/Documents/my_github/wwei-lego-backend/node_modules/.pnpm/egg@3.11.0/node_modules/egg/app/middleware/meta.js:12:5)
    at async /Users/wwei/Documents/my_github/wwei-lego-backend/node_modules/.pnpm/koa@2.14.2/node_modules/koa/lib/application.js:160:16
message: "invalid csrf token"
pid: 40626
hostname: wangweideMacBook-Pro.local

2023-06-11 11:18:27,398 WARN 40626 [-/127.0.0.1/-/1ms POST /api/users/create] invalid csrf token. See https://eggjs.org/zh-cn/core/security.html#ÂÆâÂÖ®Â®ÅËÉÅcsrfÁöÑÈò≤ËåÉ
2023-06-11 11:18:27,399 WARN 40626 [-/127.0.0.1/-/1ms POST /api/users/create] nodejs.ForbiddenError: invalid csrf token
    at Object.throw (/Users/wwei/Documents/my_github/wwei-lego-backend/node_modules/.pnpm/koa@2.14.2/node_modules/koa/lib/context.js:97:11)
    at Object.assertCsrf (/Users/wwei/Documents/my_github/wwei-lego-backend/node_modules/.pnpm/egg-security@2.11.0/node_modules/egg-security/app/extend/context.js:163:32)
    at csrf (/Users/wwei/Documents/my_github/wwei-lego-backend/node_modules/.pnpm/egg-security@2.11.0/node_modules/egg-security/lib/middlewares/csrf.js:39:9)
    at dispatch (/Users/wwei/Documents/my_github/wwei-lego-backend/node_modules/.pnpm/koa-compose@4.1.0/node_modules/koa-compose/index.js:42:32)
    at /Users/wwei/Documents/my_github/wwei-lego-backend/node_modules/.pnpm/koa-compose@4.1.0/node_modules/koa-compose/index.js:34:12
    at dispatch (/Users/wwei/Documents/my_github/wwei-lego-backend/node_modules/.pnpm/koa-compose@4.1.0/node_modules/koa-compose/index.js:42:32)
    at session (/Users/wwei/Documents/my_github/wwei-lego-backend/node_modules/.pnpm/koa-session@6.4.0/node_modules/koa-session/index.js:41:13)
    at dispatch (/Users/wwei/Documents/my_github/wwei-lego-backend/node_modules/.pnpm/koa-compose@4.1.0/node_modules/koa-compose/index.js:42:32)
    at overrideMethod (/Users/wwei/Documents/my_github/wwei-lego-backend/node_modules/.pnpm/koa-override@3.0.0/node_modules/koa-override/index.js:38:12)
    at dispatch (/Users/wwei/Documents/my_github/wwei-lego-backend/node_modules/.pnpm/koa-compose@4.1.0/node_modules/koa-compose/index.js:42:32)
    at bodyParser (/Users/wwei/Documents/my_github/wwei-lego-backend/node_modules/.pnpm/koa-bodyparser@4.4.0/node_modules/koa-bodyparser/index.js:91:11)
    at processTicksAndRejections (node:internal/process/task_queues:95:5)
    at async /Users/wwei/Documents/my_github/wwei-lego-backend/node_modules/.pnpm/koa-static-cache@5.1.4/node_modules/koa-static-cache/index.js:39:63
    at async notfound (/Users/wwei/Documents/my_github/wwei-lego-backend/node_modules/.pnpm/egg@3.11.0/node_modules/egg/app/middleware/notfound.js:5:5)
    at async meta (/Users/wwei/Documents/my_github/wwei-lego-backend/node_modules/.pnpm/egg@3.11.0/node_modules/egg/app/middleware/meta.js:12:5)
    at async /Users/wwei/Documents/my_github/wwei-lego-backend/node_modules/.pnpm/koa@2.14.2/node_modules/koa/lib/application.js:160:16
message: "invalid csrf token"
pid: 40626
hostname: wangweideMacBook-Pro.local

2023-06-11 11:20:02,650 WARN 40626 [-/127.0.0.1/-/1ms POST /api/users/create] invalid csrf token. See https://eggjs.org/zh-cn/core/security.html#ÂÆâÂÖ®Â®ÅËÉÅcsrfÁöÑÈò≤ËåÉ
2023-06-11 11:20:02,654 WARN 40626 [-/127.0.0.1/-/4ms POST /api/users/create] nodejs.ForbiddenError: invalid csrf token
    at Object.throw (/Users/wwei/Documents/my_github/wwei-lego-backend/node_modules/.pnpm/koa@2.14.2/node_modules/koa/lib/context.js:97:11)
    at Object.assertCsrf (/Users/wwei/Documents/my_github/wwei-lego-backend/node_modules/.pnpm/egg-security@2.11.0/node_modules/egg-security/app/extend/context.js:163:32)
    at csrf (/Users/wwei/Documents/my_github/wwei-lego-backend/node_modules/.pnpm/egg-security@2.11.0/node_modules/egg-security/lib/middlewares/csrf.js:39:9)
    at dispatch (/Users/wwei/Documents/my_github/wwei-lego-backend/node_modules/.pnpm/koa-compose@4.1.0/node_modules/koa-compose/index.js:42:32)
    at /Users/wwei/Documents/my_github/wwei-lego-backend/node_modules/.pnpm/koa-compose@4.1.0/node_modules/koa-compose/index.js:34:12
    at dispatch (/Users/wwei/Documents/my_github/wwei-lego-backend/node_modules/.pnpm/koa-compose@4.1.0/node_modules/koa-compose/index.js:42:32)
    at session (/Users/wwei/Documents/my_github/wwei-lego-backend/node_modules/.pnpm/koa-session@6.4.0/node_modules/koa-session/index.js:41:13)
    at dispatch (/Users/wwei/Documents/my_github/wwei-lego-backend/node_modules/.pnpm/koa-compose@4.1.0/node_modules/koa-compose/index.js:42:32)
    at overrideMethod (/Users/wwei/Documents/my_github/wwei-lego-backend/node_modules/.pnpm/koa-override@3.0.0/node_modules/koa-override/index.js:38:12)
    at dispatch (/Users/wwei/Documents/my_github/wwei-lego-backend/node_modules/.pnpm/koa-compose@4.1.0/node_modules/koa-compose/index.js:42:32)
    at bodyParser (/Users/wwei/Documents/my_github/wwei-lego-backend/node_modules/.pnpm/koa-bodyparser@4.4.0/node_modules/koa-bodyparser/index.js:91:11)
    at processTicksAndRejections (node:internal/process/task_queues:95:5)
    at async /Users/wwei/Documents/my_github/wwei-lego-backend/node_modules/.pnpm/koa-static-cache@5.1.4/node_modules/koa-static-cache/index.js:39:63
    at async notfound (/Users/wwei/Documents/my_github/wwei-lego-backend/node_modules/.pnpm/egg@3.11.0/node_modules/egg/app/middleware/notfound.js:5:5)
    at async meta (/Users/wwei/Documents/my_github/wwei-lego-backend/node_modules/.pnpm/egg@3.11.0/node_modules/egg/app/middleware/meta.js:12:5)
    at async /Users/wwei/Documents/my_github/wwei-lego-backend/node_modules/.pnpm/koa@2.14.2/node_modules/koa/lib/application.js:160:16
message: "invalid csrf token"
pid: 40626
hostname: wangweideMacBook-Pro.local

2023-06-11 11:20:08,507 WARN 40626 [-/127.0.0.1/-/4ms POST /api/users/create] invalid csrf token. See https://eggjs.org/zh-cn/core/security.html#ÂÆâÂÖ®Â®ÅËÉÅcsrfÁöÑÈò≤ËåÉ
2023-06-11 11:20:08,509 WARN 40626 [-/127.0.0.1/-/4ms POST /api/users/create] nodejs.ForbiddenError: invalid csrf token
    at Object.throw (/Users/wwei/Documents/my_github/wwei-lego-backend/node_modules/.pnpm/koa@2.14.2/node_modules/koa/lib/context.js:97:11)
    at Object.assertCsrf (/Users/wwei/Documents/my_github/wwei-lego-backend/node_modules/.pnpm/egg-security@2.11.0/node_modules/egg-security/app/extend/context.js:163:32)
    at csrf (/Users/wwei/Documents/my_github/wwei-lego-backend/node_modules/.pnpm/egg-security@2.11.0/node_modules/egg-security/lib/middlewares/csrf.js:39:9)
    at dispatch (/Users/wwei/Documents/my_github/wwei-lego-backend/node_modules/.pnpm/koa-compose@4.1.0/node_modules/koa-compose/index.js:42:32)
    at /Users/wwei/Documents/my_github/wwei-lego-backend/node_modules/.pnpm/koa-compose@4.1.0/node_modules/koa-compose/index.js:34:12
    at dispatch (/Users/wwei/Documents/my_github/wwei-lego-backend/node_modules/.pnpm/koa-compose@4.1.0/node_modules/koa-compose/index.js:42:32)
    at session (/Users/wwei/Documents/my_github/wwei-lego-backend/node_modules/.pnpm/koa-session@6.4.0/node_modules/koa-session/index.js:41:13)
    at dispatch (/Users/wwei/Documents/my_github/wwei-lego-backend/node_modules/.pnpm/koa-compose@4.1.0/node_modules/koa-compose/index.js:42:32)
    at overrideMethod (/Users/wwei/Documents/my_github/wwei-lego-backend/node_modules/.pnpm/koa-override@3.0.0/node_modules/koa-override/index.js:38:12)
    at dispatch (/Users/wwei/Documents/my_github/wwei-lego-backend/node_modules/.pnpm/koa-compose@4.1.0/node_modules/koa-compose/index.js:42:32)
    at bodyParser (/Users/wwei/Documents/my_github/wwei-lego-backend/node_modules/.pnpm/koa-bodyparser@4.4.0/node_modules/koa-bodyparser/index.js:91:11)
    at processTicksAndRejections (node:internal/process/task_queues:95:5)
    at async /Users/wwei/Documents/my_github/wwei-lego-backend/node_modules/.pnpm/koa-static-cache@5.1.4/node_modules/koa-static-cache/index.js:39:63
    at async notfound (/Users/wwei/Documents/my_github/wwei-lego-backend/node_modules/.pnpm/egg@3.11.0/node_modules/egg/app/middleware/notfound.js:5:5)
    at async meta (/Users/wwei/Documents/my_github/wwei-lego-backend/node_modules/.pnpm/egg@3.11.0/node_modules/egg/app/middleware/meta.js:12:5)
    at async /Users/wwei/Documents/my_github/wwei-lego-backend/node_modules/.pnpm/koa@2.14.2/node_modules/koa/lib/application.js:160:16
message: "invalid csrf token"
pid: 40626
hostname: wangweideMacBook-Pro.local

2023-06-11 11:20:16,989 WARN 40626 [-/127.0.0.1/-/2ms POST /api/users/create] invalid csrf token. See https://eggjs.org/zh-cn/core/security.html#ÂÆâÂÖ®Â®ÅËÉÅcsrfÁöÑÈò≤ËåÉ
2023-06-11 11:20:16,991 WARN 40626 [-/127.0.0.1/-/2ms POST /api/users/create] nodejs.ForbiddenError: invalid csrf token
    at Object.throw (/Users/wwei/Documents/my_github/wwei-lego-backend/node_modules/.pnpm/koa@2.14.2/node_modules/koa/lib/context.js:97:11)
    at Object.assertCsrf (/Users/wwei/Documents/my_github/wwei-lego-backend/node_modules/.pnpm/egg-security@2.11.0/node_modules/egg-security/app/extend/context.js:163:32)
    at csrf (/Users/wwei/Documents/my_github/wwei-lego-backend/node_modules/.pnpm/egg-security@2.11.0/node_modules/egg-security/lib/middlewares/csrf.js:39:9)
    at dispatch (/Users/wwei/Documents/my_github/wwei-lego-backend/node_modules/.pnpm/koa-compose@4.1.0/node_modules/koa-compose/index.js:42:32)
    at /Users/wwei/Documents/my_github/wwei-lego-backend/node_modules/.pnpm/koa-compose@4.1.0/node_modules/koa-compose/index.js:34:12
    at dispatch (/Users/wwei/Documents/my_github/wwei-lego-backend/node_modules/.pnpm/koa-compose@4.1.0/node_modules/koa-compose/index.js:42:32)
    at session (/Users/wwei/Documents/my_github/wwei-lego-backend/node_modules/.pnpm/koa-session@6.4.0/node_modules/koa-session/index.js:41:13)
    at dispatch (/Users/wwei/Documents/my_github/wwei-lego-backend/node_modules/.pnpm/koa-compose@4.1.0/node_modules/koa-compose/index.js:42:32)
    at overrideMethod (/Users/wwei/Documents/my_github/wwei-lego-backend/node_modules/.pnpm/koa-override@3.0.0/node_modules/koa-override/index.js:38:12)
    at dispatch (/Users/wwei/Documents/my_github/wwei-lego-backend/node_modules/.pnpm/koa-compose@4.1.0/node_modules/koa-compose/index.js:42:32)
    at bodyParser (/Users/wwei/Documents/my_github/wwei-lego-backend/node_modules/.pnpm/koa-bodyparser@4.4.0/node_modules/koa-bodyparser/index.js:91:11)
    at processTicksAndRejections (node:internal/process/task_queues:95:5)
    at async /Users/wwei/Documents/my_github/wwei-lego-backend/node_modules/.pnpm/koa-static-cache@5.1.4/node_modules/koa-static-cache/index.js:39:63
    at async notfound (/Users/wwei/Documents/my_github/wwei-lego-backend/node_modules/.pnpm/egg@3.11.0/node_modules/egg/app/middleware/notfound.js:5:5)
    at async meta (/Users/wwei/Documents/my_github/wwei-lego-backend/node_modules/.pnpm/egg@3.11.0/node_modules/egg/app/middleware/meta.js:12:5)
    at async /Users/wwei/Documents/my_github/wwei-lego-backend/node_modules/.pnpm/koa@2.14.2/node_modules/koa/lib/application.js:160:16
message: "invalid csrf token"
pid: 40626
hostname: wangweideMacBook-Pro.local

2023-06-11 11:20:33,557 WARN 40626 [-/127.0.0.1/-/1ms POST /api/users/create] missing csrf token. See https://eggjs.org/zh-cn/core/security.html#ÂÆâÂÖ®Â®ÅËÉÅcsrfÁöÑÈò≤ËåÉ
2023-06-11 11:20:33,559 WARN 40626 [-/127.0.0.1/-/2ms POST /api/users/create] nodejs.ForbiddenError: missing csrf token
    at Object.throw (/Users/wwei/Documents/my_github/wwei-lego-backend/node_modules/.pnpm/koa@2.14.2/node_modules/koa/lib/context.js:97:11)
    at Object.assertCsrf (/Users/wwei/Documents/my_github/wwei-lego-backend/node_modules/.pnpm/egg-security@2.11.0/node_modules/egg-security/app/extend/context.js:163:32)
    at csrf (/Users/wwei/Documents/my_github/wwei-lego-backend/node_modules/.pnpm/egg-security@2.11.0/node_modules/egg-security/lib/middlewares/csrf.js:39:9)
    at dispatch (/Users/wwei/Documents/my_github/wwei-lego-backend/node_modules/.pnpm/koa-compose@4.1.0/node_modules/koa-compose/index.js:42:32)
    at /Users/wwei/Documents/my_github/wwei-lego-backend/node_modules/.pnpm/koa-compose@4.1.0/node_modules/koa-compose/index.js:34:12
    at dispatch (/Users/wwei/Documents/my_github/wwei-lego-backend/node_modules/.pnpm/koa-compose@4.1.0/node_modules/koa-compose/index.js:42:32)
    at session (/Users/wwei/Documents/my_github/wwei-lego-backend/node_modules/.pnpm/koa-session@6.4.0/node_modules/koa-session/index.js:41:13)
    at dispatch (/Users/wwei/Documents/my_github/wwei-lego-backend/node_modules/.pnpm/koa-compose@4.1.0/node_modules/koa-compose/index.js:42:32)
    at overrideMethod (/Users/wwei/Documents/my_github/wwei-lego-backend/node_modules/.pnpm/koa-override@3.0.0/node_modules/koa-override/index.js:38:12)
    at dispatch (/Users/wwei/Documents/my_github/wwei-lego-backend/node_modules/.pnpm/koa-compose@4.1.0/node_modules/koa-compose/index.js:42:32)
    at bodyParser (/Users/wwei/Documents/my_github/wwei-lego-backend/node_modules/.pnpm/koa-bodyparser@4.4.0/node_modules/koa-bodyparser/index.js:91:11)
    at processTicksAndRejections (node:internal/process/task_queues:95:5)
    at async /Users/wwei/Documents/my_github/wwei-lego-backend/node_modules/.pnpm/koa-static-cache@5.1.4/node_modules/koa-static-cache/index.js:39:63
    at async notfound (/Users/wwei/Documents/my_github/wwei-lego-backend/node_modules/.pnpm/egg@3.11.0/node_modules/egg/app/middleware/notfound.js:5:5)
    at async meta (/Users/wwei/Documents/my_github/wwei-lego-backend/node_modules/.pnpm/egg@3.11.0/node_modules/egg/app/middleware/meta.js:12:5)
    at async /Users/wwei/Documents/my_github/wwei-lego-backend/node_modules/.pnpm/koa@2.14.2/node_modules/koa/lib/application.js:160:16
message: "missing csrf token"
pid: 40626
hostname: wangweideMacBook-Pro.local

2023-06-11 11:26:22,034 WARN 42343 [-/127.0.0.1/-/3ms POST /api/users/create] missing csrf token. See https://eggjs.org/zh-cn/core/security.html#ÂÆâÂÖ®Â®ÅËÉÅcsrfÁöÑÈò≤ËåÉ
2023-06-11 11:26:22,040 WARN 42343 [-/127.0.0.1/-/4ms POST /api/users/create] nodejs.ForbiddenError: missing csrf token
    at Object.throw (/Users/wwei/Documents/my_github/wwei-lego-backend/node_modules/.pnpm/koa@2.14.2/node_modules/koa/lib/context.js:97:11)
    at Object.assertCsrf (/Users/wwei/Documents/my_github/wwei-lego-backend/node_modules/.pnpm/egg-security@2.11.0/node_modules/egg-security/app/extend/context.js:163:32)
    at csrf (/Users/wwei/Documents/my_github/wwei-lego-backend/node_modules/.pnpm/egg-security@2.11.0/node_modules/egg-security/lib/middlewares/csrf.js:39:9)
    at dispatch (/Users/wwei/Documents/my_github/wwei-lego-backend/node_modules/.pnpm/koa-compose@4.1.0/node_modules/koa-compose/index.js:42:32)
    at /Users/wwei/Documents/my_github/wwei-lego-backend/node_modules/.pnpm/koa-compose@4.1.0/node_modules/koa-compose/index.js:34:12
    at dispatch (/Users/wwei/Documents/my_github/wwei-lego-backend/node_modules/.pnpm/koa-compose@4.1.0/node_modules/koa-compose/index.js:42:32)
    at session (/Users/wwei/Documents/my_github/wwei-lego-backend/node_modules/.pnpm/koa-session@6.4.0/node_modules/koa-session/index.js:41:13)
    at dispatch (/Users/wwei/Documents/my_github/wwei-lego-backend/node_modules/.pnpm/koa-compose@4.1.0/node_modules/koa-compose/index.js:42:32)
    at overrideMethod (/Users/wwei/Documents/my_github/wwei-lego-backend/node_modules/.pnpm/koa-override@3.0.0/node_modules/koa-override/index.js:38:12)
    at dispatch (/Users/wwei/Documents/my_github/wwei-lego-backend/node_modules/.pnpm/koa-compose@4.1.0/node_modules/koa-compose/index.js:42:32)
    at bodyParser (/Users/wwei/Documents/my_github/wwei-lego-backend/node_modules/.pnpm/koa-bodyparser@4.4.0/node_modules/koa-bodyparser/index.js:91:11)
    at processTicksAndRejections (node:internal/process/task_queues:95:5)
    at async /Users/wwei/Documents/my_github/wwei-lego-backend/node_modules/.pnpm/koa-static-cache@5.1.4/node_modules/koa-static-cache/index.js:39:63
    at async notfound (/Users/wwei/Documents/my_github/wwei-lego-backend/node_modules/.pnpm/egg@3.11.0/node_modules/egg/app/middleware/notfound.js:5:5)
    at async meta (/Users/wwei/Documents/my_github/wwei-lego-backend/node_modules/.pnpm/egg@3.11.0/node_modules/egg/app/middleware/meta.js:12:5)
    at async /Users/wwei/Documents/my_github/wwei-lego-backend/node_modules/.pnpm/koa@2.14.2/node_modules/koa/lib/application.js:160:16
message: "missing csrf token"
pid: 42343
hostname: wangweideMacBook-Pro.local

2023-06-11 11:27:30,292 WARN 42343 [-/127.0.0.1/-/1ms POST /api/users/create] invalid csrf token. See https://eggjs.org/zh-cn/core/security.html#ÂÆâÂÖ®Â®ÅËÉÅcsrfÁöÑÈò≤ËåÉ
2023-06-11 11:27:30,293 WARN 42343 [-/127.0.0.1/-/1ms POST /api/users/create] nodejs.ForbiddenError: invalid csrf token
    at Object.throw (/Users/wwei/Documents/my_github/wwei-lego-backend/node_modules/.pnpm/koa@2.14.2/node_modules/koa/lib/context.js:97:11)
    at Object.assertCsrf (/Users/wwei/Documents/my_github/wwei-lego-backend/node_modules/.pnpm/egg-security@2.11.0/node_modules/egg-security/app/extend/context.js:163:32)
    at csrf (/Users/wwei/Documents/my_github/wwei-lego-backend/node_modules/.pnpm/egg-security@2.11.0/node_modules/egg-security/lib/middlewares/csrf.js:39:9)
    at dispatch (/Users/wwei/Documents/my_github/wwei-lego-backend/node_modules/.pnpm/koa-compose@4.1.0/node_modules/koa-compose/index.js:42:32)
    at /Users/wwei/Documents/my_github/wwei-lego-backend/node_modules/.pnpm/koa-compose@4.1.0/node_modules/koa-compose/index.js:34:12
    at dispatch (/Users/wwei/Documents/my_github/wwei-lego-backend/node_modules/.pnpm/koa-compose@4.1.0/node_modules/koa-compose/index.js:42:32)
    at session (/Users/wwei/Documents/my_github/wwei-lego-backend/node_modules/.pnpm/koa-session@6.4.0/node_modules/koa-session/index.js:41:13)
    at dispatch (/Users/wwei/Documents/my_github/wwei-lego-backend/node_modules/.pnpm/koa-compose@4.1.0/node_modules/koa-compose/index.js:42:32)
    at overrideMethod (/Users/wwei/Documents/my_github/wwei-lego-backend/node_modules/.pnpm/koa-override@3.0.0/node_modules/koa-override/index.js:38:12)
    at dispatch (/Users/wwei/Documents/my_github/wwei-lego-backend/node_modules/.pnpm/koa-compose@4.1.0/node_modules/koa-compose/index.js:42:32)
    at bodyParser (/Users/wwei/Documents/my_github/wwei-lego-backend/node_modules/.pnpm/koa-bodyparser@4.4.0/node_modules/koa-bodyparser/index.js:91:11)
    at processTicksAndRejections (node:internal/process/task_queues:95:5)
    at async /Users/wwei/Documents/my_github/wwei-lego-backend/node_modules/.pnpm/koa-static-cache@5.1.4/node_modules/koa-static-cache/index.js:39:63
    at async notfound (/Users/wwei/Documents/my_github/wwei-lego-backend/node_modules/.pnpm/egg@3.11.0/node_modules/egg/app/middleware/notfound.js:5:5)
    at async meta (/Users/wwei/Documents/my_github/wwei-lego-backend/node_modules/.pnpm/egg@3.11.0/node_modules/egg/app/middleware/meta.js:12:5)
    at async /Users/wwei/Documents/my_github/wwei-lego-backend/node_modules/.pnpm/koa@2.14.2/node_modules/koa/lib/application.js:160:16
message: "invalid csrf token"
pid: 42343
hostname: wangweideMacBook-Pro.local

2023-06-11 11:30:08,489 WARN 42683 [-/127.0.0.1/-/2ms POST /api/users/create] invalid csrf token. See https://eggjs.org/zh-cn/core/security.html#ÂÆâÂÖ®Â®ÅËÉÅcsrfÁöÑÈò≤ËåÉ
2023-06-11 11:30:08,510 WARN 42683 [-/127.0.0.1/-/2ms POST /api/users/create] nodejs.ForbiddenError: invalid csrf token
    at Object.throw (/Users/wwei/Documents/my_github/wwei-lego-backend/node_modules/.pnpm/koa@2.14.2/node_modules/koa/lib/context.js:97:11)
    at Object.assertCsrf (/Users/wwei/Documents/my_github/wwei-lego-backend/node_modules/.pnpm/egg-security@2.11.0/node_modules/egg-security/app/extend/context.js:163:32)
    at csrf (/Users/wwei/Documents/my_github/wwei-lego-backend/node_modules/.pnpm/egg-security@2.11.0/node_modules/egg-security/lib/middlewares/csrf.js:39:9)
    at dispatch (/Users/wwei/Documents/my_github/wwei-lego-backend/node_modules/.pnpm/koa-compose@4.1.0/node_modules/koa-compose/index.js:42:32)
    at /Users/wwei/Documents/my_github/wwei-lego-backend/node_modules/.pnpm/koa-compose@4.1.0/node_modules/koa-compose/index.js:34:12
    at dispatch (/Users/wwei/Documents/my_github/wwei-lego-backend/node_modules/.pnpm/koa-compose@4.1.0/node_modules/koa-compose/index.js:42:32)
    at session (/Users/wwei/Documents/my_github/wwei-lego-backend/node_modules/.pnpm/koa-session@6.4.0/node_modules/koa-session/index.js:41:13)
    at dispatch (/Users/wwei/Documents/my_github/wwei-lego-backend/node_modules/.pnpm/koa-compose@4.1.0/node_modules/koa-compose/index.js:42:32)
    at overrideMethod (/Users/wwei/Documents/my_github/wwei-lego-backend/node_modules/.pnpm/koa-override@3.0.0/node_modules/koa-override/index.js:38:12)
    at dispatch (/Users/wwei/Documents/my_github/wwei-lego-backend/node_modules/.pnpm/koa-compose@4.1.0/node_modules/koa-compose/index.js:42:32)
    at bodyParser (/Users/wwei/Documents/my_github/wwei-lego-backend/node_modules/.pnpm/koa-bodyparser@4.4.0/node_modules/koa-bodyparser/index.js:91:11)
    at processTicksAndRejections (node:internal/process/task_queues:95:5)
    at async /Users/wwei/Documents/my_github/wwei-lego-backend/node_modules/.pnpm/koa-static-cache@5.1.4/node_modules/koa-static-cache/index.js:39:63
    at async notfound (/Users/wwei/Documents/my_github/wwei-lego-backend/node_modules/.pnpm/egg@3.11.0/node_modules/egg/app/middleware/notfound.js:5:5)
    at async meta (/Users/wwei/Documents/my_github/wwei-lego-backend/node_modules/.pnpm/egg@3.11.0/node_modules/egg/app/middleware/meta.js:12:5)
    at async /Users/wwei/Documents/my_github/wwei-lego-backend/node_modules/.pnpm/koa@2.14.2/node_modules/koa/lib/application.js:160:16
message: "invalid csrf token"
pid: 42683
hostname: wangweideMacBook-Pro.local

2023-06-11 11:30:24,313 WARN 42737 [-/127.0.0.1/-/2ms POST /api/users/create] invalid csrf token. See https://eggjs.org/zh-cn/core/security.html#ÂÆâÂÖ®Â®ÅËÉÅcsrfÁöÑÈò≤ËåÉ
2023-06-11 11:30:24,322 WARN 42737 [-/127.0.0.1/-/3ms POST /api/users/create] nodejs.ForbiddenError: invalid csrf token
    at Object.throw (/Users/wwei/Documents/my_github/wwei-lego-backend/node_modules/.pnpm/koa@2.14.2/node_modules/koa/lib/context.js:97:11)
    at Object.assertCsrf (/Users/wwei/Documents/my_github/wwei-lego-backend/node_modules/.pnpm/egg-security@2.11.0/node_modules/egg-security/app/extend/context.js:163:32)
    at csrf (/Users/wwei/Documents/my_github/wwei-lego-backend/node_modules/.pnpm/egg-security@2.11.0/node_modules/egg-security/lib/middlewares/csrf.js:39:9)
    at dispatch (/Users/wwei/Documents/my_github/wwei-lego-backend/node_modules/.pnpm/koa-compose@4.1.0/node_modules/koa-compose/index.js:42:32)
    at /Users/wwei/Documents/my_github/wwei-lego-backend/node_modules/.pnpm/koa-compose@4.1.0/node_modules/koa-compose/index.js:34:12
    at dispatch (/Users/wwei/Documents/my_github/wwei-lego-backend/node_modules/.pnpm/koa-compose@4.1.0/node_modules/koa-compose/index.js:42:32)
    at session (/Users/wwei/Documents/my_github/wwei-lego-backend/node_modules/.pnpm/koa-session@6.4.0/node_modules/koa-session/index.js:41:13)
    at dispatch (/Users/wwei/Documents/my_github/wwei-lego-backend/node_modules/.pnpm/koa-compose@4.1.0/node_modules/koa-compose/index.js:42:32)
    at overrideMethod (/Users/wwei/Documents/my_github/wwei-lego-backend/node_modules/.pnpm/koa-override@3.0.0/node_modules/koa-override/index.js:38:12)
    at dispatch (/Users/wwei/Documents/my_github/wwei-lego-backend/node_modules/.pnpm/koa-compose@4.1.0/node_modules/koa-compose/index.js:42:32)
    at bodyParser (/Users/wwei/Documents/my_github/wwei-lego-backend/node_modules/.pnpm/koa-bodyparser@4.4.0/node_modules/koa-bodyparser/index.js:91:11)
    at processTicksAndRejections (node:internal/process/task_queues:95:5)
    at async /Users/wwei/Documents/my_github/wwei-lego-backend/node_modules/.pnpm/koa-static-cache@5.1.4/node_modules/koa-static-cache/index.js:39:63
    at async notfound (/Users/wwei/Documents/my_github/wwei-lego-backend/node_modules/.pnpm/egg@3.11.0/node_modules/egg/app/middleware/notfound.js:5:5)
    at async meta (/Users/wwei/Documents/my_github/wwei-lego-backend/node_modules/.pnpm/egg@3.11.0/node_modules/egg/app/middleware/meta.js:12:5)
    at async /Users/wwei/Documents/my_github/wwei-lego-backend/node_modules/.pnpm/koa@2.14.2/node_modules/koa/lib/application.js:160:16
message: "invalid csrf token"
pid: 42737
hostname: wangweideMacBook-Pro.local

2023-06-11 11:31:12,144 WARN 42814 [-/127.0.0.1/-/3ms POST /api/users/create] invalid csrf token. See https://eggjs.org/zh-cn/core/security.html#ÂÆâÂÖ®Â®ÅËÉÅcsrfÁöÑÈò≤ËåÉ
2023-06-11 11:31:12,161 WARN 42814 [-/127.0.0.1/-/4ms POST /api/users/create] nodejs.ForbiddenError: invalid csrf token
    at Object.throw (/Users/wwei/Documents/my_github/wwei-lego-backend/node_modules/.pnpm/koa@2.14.2/node_modules/koa/lib/context.js:97:11)
    at Object.assertCsrf (/Users/wwei/Documents/my_github/wwei-lego-backend/node_modules/.pnpm/egg-security@2.11.0/node_modules/egg-security/app/extend/context.js:163:32)
    at csrf (/Users/wwei/Documents/my_github/wwei-lego-backend/node_modules/.pnpm/egg-security@2.11.0/node_modules/egg-security/lib/middlewares/csrf.js:39:9)
    at dispatch (/Users/wwei/Documents/my_github/wwei-lego-backend/node_modules/.pnpm/koa-compose@4.1.0/node_modules/koa-compose/index.js:42:32)
    at /Users/wwei/Documents/my_github/wwei-lego-backend/node_modules/.pnpm/koa-compose@4.1.0/node_modules/koa-compose/index.js:34:12
    at dispatch (/Users/wwei/Documents/my_github/wwei-lego-backend/node_modules/.pnpm/koa-compose@4.1.0/node_modules/koa-compose/index.js:42:32)
    at session (/Users/wwei/Documents/my_github/wwei-lego-backend/node_modules/.pnpm/koa-session@6.4.0/node_modules/koa-session/index.js:41:13)
    at dispatch (/Users/wwei/Documents/my_github/wwei-lego-backend/node_modules/.pnpm/koa-compose@4.1.0/node_modules/koa-compose/index.js:42:32)
    at overrideMethod (/Users/wwei/Documents/my_github/wwei-lego-backend/node_modules/.pnpm/koa-override@3.0.0/node_modules/koa-override/index.js:38:12)
    at dispatch (/Users/wwei/Documents/my_github/wwei-lego-backend/node_modules/.pnpm/koa-compose@4.1.0/node_modules/koa-compose/index.js:42:32)
    at bodyParser (/Users/wwei/Documents/my_github/wwei-lego-backend/node_modules/.pnpm/koa-bodyparser@4.4.0/node_modules/koa-bodyparser/index.js:91:11)
    at processTicksAndRejections (node:internal/process/task_queues:95:5)
    at async /Users/wwei/Documents/my_github/wwei-lego-backend/node_modules/.pnpm/koa-static-cache@5.1.4/node_modules/koa-static-cache/index.js:39:63
    at async notfound (/Users/wwei/Documents/my_github/wwei-lego-backend/node_modules/.pnpm/egg@3.11.0/node_modules/egg/app/middleware/notfound.js:5:5)
    at async meta (/Users/wwei/Documents/my_github/wwei-lego-backend/node_modules/.pnpm/egg@3.11.0/node_modules/egg/app/middleware/meta.js:12:5)
    at async /Users/wwei/Documents/my_github/wwei-lego-backend/node_modules/.pnpm/koa@2.14.2/node_modules/koa/lib/application.js:160:16
message: "invalid csrf token"
pid: 42814
hostname: wangweideMacBook-Pro.local

2023-06-11 11:31:32,859 WARN 42888 [-/127.0.0.1/-/7ms POST /api/users/create] invalid csrf token. See https://eggjs.org/zh-cn/core/security.html#ÂÆâÂÖ®Â®ÅËÉÅcsrfÁöÑÈò≤ËåÉ
2023-06-11 11:31:32,871 WARN 42888 [-/127.0.0.1/-/16ms POST /api/users/create] nodejs.ForbiddenError: invalid csrf token
    at Object.throw (/Users/wwei/Documents/my_github/wwei-lego-backend/node_modules/.pnpm/koa@2.14.2/node_modules/koa/lib/context.js:97:11)
    at Object.assertCsrf (/Users/wwei/Documents/my_github/wwei-lego-backend/node_modules/.pnpm/egg-security@2.11.0/node_modules/egg-security/app/extend/context.js:163:32)
    at csrf (/Users/wwei/Documents/my_github/wwei-lego-backend/node_modules/.pnpm/egg-security@2.11.0/node_modules/egg-security/lib/middlewares/csrf.js:39:9)
    at dispatch (/Users/wwei/Documents/my_github/wwei-lego-backend/node_modules/.pnpm/koa-compose@4.1.0/node_modules/koa-compose/index.js:42:32)
    at /Users/wwei/Documents/my_github/wwei-lego-backend/node_modules/.pnpm/koa-compose@4.1.0/node_modules/koa-compose/index.js:34:12
    at dispatch (/Users/wwei/Documents/my_github/wwei-lego-backend/node_modules/.pnpm/koa-compose@4.1.0/node_modules/koa-compose/index.js:42:32)
    at session (/Users/wwei/Documents/my_github/wwei-lego-backend/node_modules/.pnpm/koa-session@6.4.0/node_modules/koa-session/index.js:41:13)
    at dispatch (/Users/wwei/Documents/my_github/wwei-lego-backend/node_modules/.pnpm/koa-compose@4.1.0/node_modules/koa-compose/index.js:42:32)
    at overrideMethod (/Users/wwei/Documents/my_github/wwei-lego-backend/node_modules/.pnpm/koa-override@3.0.0/node_modules/koa-override/index.js:38:12)
    at dispatch (/Users/wwei/Documents/my_github/wwei-lego-backend/node_modules/.pnpm/koa-compose@4.1.0/node_modules/koa-compose/index.js:42:32)
    at bodyParser (/Users/wwei/Documents/my_github/wwei-lego-backend/node_modules/.pnpm/koa-bodyparser@4.4.0/node_modules/koa-bodyparser/index.js:91:11)
    at processTicksAndRejections (node:internal/process/task_queues:95:5)
    at async /Users/wwei/Documents/my_github/wwei-lego-backend/node_modules/.pnpm/koa-static-cache@5.1.4/node_modules/koa-static-cache/index.js:39:63
    at async notfound (/Users/wwei/Documents/my_github/wwei-lego-backend/node_modules/.pnpm/egg@3.11.0/node_modules/egg/app/middleware/notfound.js:5:5)
    at async meta (/Users/wwei/Documents/my_github/wwei-lego-backend/node_modules/.pnpm/egg@3.11.0/node_modules/egg/app/middleware/meta.js:12:5)
    at async /Users/wwei/Documents/my_github/wwei-lego-backend/node_modules/.pnpm/koa@2.14.2/node_modules/koa/lib/application.js:160:16
message: "invalid csrf token"
pid: 42888
hostname: wangweideMacBook-Pro.local

2023-06-11 11:41:22,109 WARN 45946 [-/127.0.0.1/-/5ms POST /api/users/create] invalid csrf token. See https://eggjs.org/zh-cn/core/security.html#ÂÆâÂÖ®Â®ÅËÉÅcsrfÁöÑÈò≤ËåÉ
2023-06-11 11:41:22,124 WARN 45946 [-/127.0.0.1/-/17ms POST /api/users/create] nodejs.ForbiddenError: invalid csrf token
    at Object.throw (/Users/wwei/Documents/my_github/wwei-lego-backend/node_modules/.pnpm/koa@2.14.2/node_modules/koa/lib/context.js:97:11)
    at Object.assertCsrf (/Users/wwei/Documents/my_github/wwei-lego-backend/node_modules/.pnpm/egg-security@2.11.0/node_modules/egg-security/app/extend/context.js:163:32)
    at csrf (/Users/wwei/Documents/my_github/wwei-lego-backend/node_modules/.pnpm/egg-security@2.11.0/node_modules/egg-security/lib/middlewares/csrf.js:39:9)
    at dispatch (/Users/wwei/Documents/my_github/wwei-lego-backend/node_modules/.pnpm/koa-compose@4.1.0/node_modules/koa-compose/index.js:42:32)
    at /Users/wwei/Documents/my_github/wwei-lego-backend/node_modules/.pnpm/koa-compose@4.1.0/node_modules/koa-compose/index.js:34:12
    at dispatch (/Users/wwei/Documents/my_github/wwei-lego-backend/node_modules/.pnpm/koa-compose@4.1.0/node_modules/koa-compose/index.js:42:32)
    at session (/Users/wwei/Documents/my_github/wwei-lego-backend/node_modules/.pnpm/koa-session@6.4.0/node_modules/koa-session/index.js:41:13)
    at dispatch (/Users/wwei/Documents/my_github/wwei-lego-backend/node_modules/.pnpm/koa-compose@4.1.0/node_modules/koa-compose/index.js:42:32)
    at overrideMethod (/Users/wwei/Documents/my_github/wwei-lego-backend/node_modules/.pnpm/koa-override@3.0.0/node_modules/koa-override/index.js:38:12)
    at dispatch (/Users/wwei/Documents/my_github/wwei-lego-backend/node_modules/.pnpm/koa-compose@4.1.0/node_modules/koa-compose/index.js:42:32)
    at bodyParser (/Users/wwei/Documents/my_github/wwei-lego-backend/node_modules/.pnpm/koa-bodyparser@4.4.0/node_modules/koa-bodyparser/index.js:91:11)
    at processTicksAndRejections (node:internal/process/task_queues:95:5)
    at async /Users/wwei/Documents/my_github/wwei-lego-backend/node_modules/.pnpm/koa-static-cache@5.1.4/node_modules/koa-static-cache/index.js:39:63
    at async notfound (/Users/wwei/Documents/my_github/wwei-lego-backend/node_modules/.pnpm/egg@3.11.0/node_modules/egg/app/middleware/notfound.js:5:5)
    at async meta (/Users/wwei/Documents/my_github/wwei-lego-backend/node_modules/.pnpm/egg@3.11.0/node_modules/egg/app/middleware/meta.js:12:5)
    at async /Users/wwei/Documents/my_github/wwei-lego-backend/node_modules/.pnpm/koa@2.14.2/node_modules/koa/lib/application.js:160:16
message: "invalid csrf token"
pid: 45946
hostname: wangweideMacBook-Pro.local

2023-06-11 11:41:41,764 WARN 45993 [-/127.0.0.1/-/10ms POST /api/users/create] invalid csrf token. See https://eggjs.org/zh-cn/core/security.html#ÂÆâÂÖ®Â®ÅËÉÅcsrfÁöÑÈò≤ËåÉ
2023-06-11 11:41:41,774 WARN 45993 [-/127.0.0.1/-/15ms POST /api/users/create] nodejs.ForbiddenError: invalid csrf token
    at Object.throw (/Users/wwei/Documents/my_github/wwei-lego-backend/node_modules/.pnpm/koa@2.14.2/node_modules/koa/lib/context.js:97:11)
    at Object.assertCsrf (/Users/wwei/Documents/my_github/wwei-lego-backend/node_modules/.pnpm/egg-security@2.11.0/node_modules/egg-security/app/extend/context.js:163:32)
    at csrf (/Users/wwei/Documents/my_github/wwei-lego-backend/node_modules/.pnpm/egg-security@2.11.0/node_modules/egg-security/lib/middlewares/csrf.js:39:9)
    at dispatch (/Users/wwei/Documents/my_github/wwei-lego-backend/node_modules/.pnpm/koa-compose@4.1.0/node_modules/koa-compose/index.js:42:32)
    at /Users/wwei/Documents/my_github/wwei-lego-backend/node_modules/.pnpm/koa-compose@4.1.0/node_modules/koa-compose/index.js:34:12
    at dispatch (/Users/wwei/Documents/my_github/wwei-lego-backend/node_modules/.pnpm/koa-compose@4.1.0/node_modules/koa-compose/index.js:42:32)
    at session (/Users/wwei/Documents/my_github/wwei-lego-backend/node_modules/.pnpm/koa-session@6.4.0/node_modules/koa-session/index.js:41:13)
    at dispatch (/Users/wwei/Documents/my_github/wwei-lego-backend/node_modules/.pnpm/koa-compose@4.1.0/node_modules/koa-compose/index.js:42:32)
    at overrideMethod (/Users/wwei/Documents/my_github/wwei-lego-backend/node_modules/.pnpm/koa-override@3.0.0/node_modules/koa-override/index.js:38:12)
    at dispatch (/Users/wwei/Documents/my_github/wwei-lego-backend/node_modules/.pnpm/koa-compose@4.1.0/node_modules/koa-compose/index.js:42:32)
    at bodyParser (/Users/wwei/Documents/my_github/wwei-lego-backend/node_modules/.pnpm/koa-bodyparser@4.4.0/node_modules/koa-bodyparser/index.js:91:11)
    at processTicksAndRejections (node:internal/process/task_queues:95:5)
    at async /Users/wwei/Documents/my_github/wwei-lego-backend/node_modules/.pnpm/koa-static-cache@5.1.4/node_modules/koa-static-cache/index.js:39:63
    at async notfound (/Users/wwei/Documents/my_github/wwei-lego-backend/node_modules/.pnpm/egg@3.11.0/node_modules/egg/app/middleware/notfound.js:5:5)
    at async meta (/Users/wwei/Documents/my_github/wwei-lego-backend/node_modules/.pnpm/egg@3.11.0/node_modules/egg/app/middleware/meta.js:12:5)
    at async /Users/wwei/Documents/my_github/wwei-lego-backend/node_modules/.pnpm/koa@2.14.2/node_modules/koa/lib/application.js:160:16
message: "invalid csrf token"
pid: 45993
hostname: wangweideMacBook-Pro.local

2023-06-11 11:42:02,742 WARN 45993 [-/127.0.0.1/-/5ms POST /api/users/] invalid csrf token. See https://eggjs.org/zh-cn/core/security.html#ÂÆâÂÖ®Â®ÅËÉÅcsrfÁöÑÈò≤ËåÉ
2023-06-11 11:42:02,743 WARN 45993 [-/127.0.0.1/-/6ms POST /api/users/] nodejs.ForbiddenError: invalid csrf token
    at Object.throw (/Users/wwei/Documents/my_github/wwei-lego-backend/node_modules/.pnpm/koa@2.14.2/node_modules/koa/lib/context.js:97:11)
    at Object.assertCsrf (/Users/wwei/Documents/my_github/wwei-lego-backend/node_modules/.pnpm/egg-security@2.11.0/node_modules/egg-security/app/extend/context.js:163:32)
    at csrf (/Users/wwei/Documents/my_github/wwei-lego-backend/node_modules/.pnpm/egg-security@2.11.0/node_modules/egg-security/lib/middlewares/csrf.js:39:9)
    at dispatch (/Users/wwei/Documents/my_github/wwei-lego-backend/node_modules/.pnpm/koa-compose@4.1.0/node_modules/koa-compose/index.js:42:32)
    at /Users/wwei/Documents/my_github/wwei-lego-backend/node_modules/.pnpm/koa-compose@4.1.0/node_modules/koa-compose/index.js:34:12
    at dispatch (/Users/wwei/Documents/my_github/wwei-lego-backend/node_modules/.pnpm/koa-compose@4.1.0/node_modules/koa-compose/index.js:42:32)
    at session (/Users/wwei/Documents/my_github/wwei-lego-backend/node_modules/.pnpm/koa-session@6.4.0/node_modules/koa-session/index.js:41:13)
    at dispatch (/Users/wwei/Documents/my_github/wwei-lego-backend/node_modules/.pnpm/koa-compose@4.1.0/node_modules/koa-compose/index.js:42:32)
    at overrideMethod (/Users/wwei/Documents/my_github/wwei-lego-backend/node_modules/.pnpm/koa-override@3.0.0/node_modules/koa-override/index.js:38:12)
    at dispatch (/Users/wwei/Documents/my_github/wwei-lego-backend/node_modules/.pnpm/koa-compose@4.1.0/node_modules/koa-compose/index.js:42:32)
    at bodyParser (/Users/wwei/Documents/my_github/wwei-lego-backend/node_modules/.pnpm/koa-bodyparser@4.4.0/node_modules/koa-bodyparser/index.js:91:11)
    at processTicksAndRejections (node:internal/process/task_queues:95:5)
    at async /Users/wwei/Documents/my_github/wwei-lego-backend/node_modules/.pnpm/koa-static-cache@5.1.4/node_modules/koa-static-cache/index.js:39:63
    at async notfound (/Users/wwei/Documents/my_github/wwei-lego-backend/node_modules/.pnpm/egg@3.11.0/node_modules/egg/app/middleware/notfound.js:5:5)
    at async meta (/Users/wwei/Documents/my_github/wwei-lego-backend/node_modules/.pnpm/egg@3.11.0/node_modules/egg/app/middleware/meta.js:12:5)
    at async /Users/wwei/Documents/my_github/wwei-lego-backend/node_modules/.pnpm/koa@2.14.2/node_modules/koa/lib/application.js:160:16
message: "invalid csrf token"
pid: 45993
hostname: wangweideMacBook-Pro.local

2023-06-11 11:42:08,453 WARN 45993 [-/127.0.0.1/-/1ms POST /api/users/create] invalid csrf token. See https://eggjs.org/zh-cn/core/security.html#ÂÆâÂÖ®Â®ÅËÉÅcsrfÁöÑÈò≤ËåÉ
2023-06-11 11:42:08,458 WARN 45993 [-/127.0.0.1/-/1ms POST /api/users/create] nodejs.ForbiddenError: invalid csrf token
    at Object.throw (/Users/wwei/Documents/my_github/wwei-lego-backend/node_modules/.pnpm/koa@2.14.2/node_modules/koa/lib/context.js:97:11)
    at Object.assertCsrf (/Users/wwei/Documents/my_github/wwei-lego-backend/node_modules/.pnpm/egg-security@2.11.0/node_modules/egg-security/app/extend/context.js:163:32)
    at csrf (/Users/wwei/Documents/my_github/wwei-lego-backend/node_modules/.pnpm/egg-security@2.11.0/node_modules/egg-security/lib/middlewares/csrf.js:39:9)
    at dispatch (/Users/wwei/Documents/my_github/wwei-lego-backend/node_modules/.pnpm/koa-compose@4.1.0/node_modules/koa-compose/index.js:42:32)
    at /Users/wwei/Documents/my_github/wwei-lego-backend/node_modules/.pnpm/koa-compose@4.1.0/node_modules/koa-compose/index.js:34:12
    at dispatch (/Users/wwei/Documents/my_github/wwei-lego-backend/node_modules/.pnpm/koa-compose@4.1.0/node_modules/koa-compose/index.js:42:32)
    at session (/Users/wwei/Documents/my_github/wwei-lego-backend/node_modules/.pnpm/koa-session@6.4.0/node_modules/koa-session/index.js:41:13)
    at dispatch (/Users/wwei/Documents/my_github/wwei-lego-backend/node_modules/.pnpm/koa-compose@4.1.0/node_modules/koa-compose/index.js:42:32)
    at overrideMethod (/Users/wwei/Documents/my_github/wwei-lego-backend/node_modules/.pnpm/koa-override@3.0.0/node_modules/koa-override/index.js:38:12)
    at dispatch (/Users/wwei/Documents/my_github/wwei-lego-backend/node_modules/.pnpm/koa-compose@4.1.0/node_modules/koa-compose/index.js:42:32)
    at bodyParser (/Users/wwei/Documents/my_github/wwei-lego-backend/node_modules/.pnpm/koa-bodyparser@4.4.0/node_modules/koa-bodyparser/index.js:91:11)
    at processTicksAndRejections (node:internal/process/task_queues:95:5)
    at async /Users/wwei/Documents/my_github/wwei-lego-backend/node_modules/.pnpm/koa-static-cache@5.1.4/node_modules/koa-static-cache/index.js:39:63
    at async notfound (/Users/wwei/Documents/my_github/wwei-lego-backend/node_modules/.pnpm/egg@3.11.0/node_modules/egg/app/middleware/notfound.js:5:5)
    at async meta (/Users/wwei/Documents/my_github/wwei-lego-backend/node_modules/.pnpm/egg@3.11.0/node_modules/egg/app/middleware/meta.js:12:5)
    at async /Users/wwei/Documents/my_github/wwei-lego-backend/node_modules/.pnpm/koa@2.14.2/node_modules/koa/lib/application.js:160:16
message: "invalid csrf token"
pid: 45993
hostname: wangweideMacBook-Pro.local

2023-06-11 11:43:01,534 WARN 46114 [-/127.0.0.1/-/15ms POST /api/users/create] invalid csrf token. See https://eggjs.org/zh-cn/core/security.html#ÂÆâÂÖ®Â®ÅËÉÅcsrfÁöÑÈò≤ËåÉ
2023-06-11 11:43:01,539 WARN 46114 [-/127.0.0.1/-/18ms POST /api/users/create] nodejs.ForbiddenError: invalid csrf token
    at Object.throw (/Users/wwei/Documents/my_github/wwei-lego-backend/node_modules/.pnpm/koa@2.14.2/node_modules/koa/lib/context.js:97:11)
    at Object.assertCsrf (/Users/wwei/Documents/my_github/wwei-lego-backend/node_modules/.pnpm/egg-security@2.11.0/node_modules/egg-security/app/extend/context.js:163:32)
    at csrf (/Users/wwei/Documents/my_github/wwei-lego-backend/node_modules/.pnpm/egg-security@2.11.0/node_modules/egg-security/lib/middlewares/csrf.js:39:9)
    at dispatch (/Users/wwei/Documents/my_github/wwei-lego-backend/node_modules/.pnpm/koa-compose@4.1.0/node_modules/koa-compose/index.js:42:32)
    at /Users/wwei/Documents/my_github/wwei-lego-backend/node_modules/.pnpm/koa-compose@4.1.0/node_modules/koa-compose/index.js:34:12
    at dispatch (/Users/wwei/Documents/my_github/wwei-lego-backend/node_modules/.pnpm/koa-compose@4.1.0/node_modules/koa-compose/index.js:42:32)
    at session (/Users/wwei/Documents/my_github/wwei-lego-backend/node_modules/.pnpm/koa-session@6.4.0/node_modules/koa-session/index.js:41:13)
    at dispatch (/Users/wwei/Documents/my_github/wwei-lego-backend/node_modules/.pnpm/koa-compose@4.1.0/node_modules/koa-compose/index.js:42:32)
    at overrideMethod (/Users/wwei/Documents/my_github/wwei-lego-backend/node_modules/.pnpm/koa-override@3.0.0/node_modules/koa-override/index.js:38:12)
    at dispatch (/Users/wwei/Documents/my_github/wwei-lego-backend/node_modules/.pnpm/koa-compose@4.1.0/node_modules/koa-compose/index.js:42:32)
    at bodyParser (/Users/wwei/Documents/my_github/wwei-lego-backend/node_modules/.pnpm/koa-bodyparser@4.4.0/node_modules/koa-bodyparser/index.js:91:11)
    at processTicksAndRejections (node:internal/process/task_queues:95:5)
    at async /Users/wwei/Documents/my_github/wwei-lego-backend/node_modules/.pnpm/koa-static-cache@5.1.4/node_modules/koa-static-cache/index.js:39:63
    at async notfound (/Users/wwei/Documents/my_github/wwei-lego-backend/node_modules/.pnpm/egg@3.11.0/node_modules/egg/app/middleware/notfound.js:5:5)
    at async meta (/Users/wwei/Documents/my_github/wwei-lego-backend/node_modules/.pnpm/egg@3.11.0/node_modules/egg/app/middleware/meta.js:12:5)
    at async /Users/wwei/Documents/my_github/wwei-lego-backend/node_modules/.pnpm/koa@2.14.2/node_modules/koa/lib/application.js:160:16
message: "invalid csrf token"
pid: 46114
hostname: wangweideMacBook-Pro.local

2023-06-11 11:43:17,544 WARN 46169 [-/127.0.0.1/-/4ms POST /api/users/create] invalid csrf token. See https://eggjs.org/zh-cn/core/security.html#ÂÆâÂÖ®Â®ÅËÉÅcsrfÁöÑÈò≤ËåÉ
2023-06-11 11:43:17,557 WARN 46169 [-/127.0.0.1/-/5ms POST /api/users/create] nodejs.ForbiddenError: invalid csrf token
    at Object.throw (/Users/wwei/Documents/my_github/wwei-lego-backend/node_modules/.pnpm/koa@2.14.2/node_modules/koa/lib/context.js:97:11)
    at Object.assertCsrf (/Users/wwei/Documents/my_github/wwei-lego-backend/node_modules/.pnpm/egg-security@2.11.0/node_modules/egg-security/app/extend/context.js:163:32)
    at csrf (/Users/wwei/Documents/my_github/wwei-lego-backend/node_modules/.pnpm/egg-security@2.11.0/node_modules/egg-security/lib/middlewares/csrf.js:39:9)
    at dispatch (/Users/wwei/Documents/my_github/wwei-lego-backend/node_modules/.pnpm/koa-compose@4.1.0/node_modules/koa-compose/index.js:42:32)
    at /Users/wwei/Documents/my_github/wwei-lego-backend/node_modules/.pnpm/koa-compose@4.1.0/node_modules/koa-compose/index.js:34:12
    at dispatch (/Users/wwei/Documents/my_github/wwei-lego-backend/node_modules/.pnpm/koa-compose@4.1.0/node_modules/koa-compose/index.js:42:32)
    at session (/Users/wwei/Documents/my_github/wwei-lego-backend/node_modules/.pnpm/koa-session@6.4.0/node_modules/koa-session/index.js:41:13)
    at dispatch (/Users/wwei/Documents/my_github/wwei-lego-backend/node_modules/.pnpm/koa-compose@4.1.0/node_modules/koa-compose/index.js:42:32)
    at overrideMethod (/Users/wwei/Documents/my_github/wwei-lego-backend/node_modules/.pnpm/koa-override@3.0.0/node_modules/koa-override/index.js:38:12)
    at dispatch (/Users/wwei/Documents/my_github/wwei-lego-backend/node_modules/.pnpm/koa-compose@4.1.0/node_modules/koa-compose/index.js:42:32)
    at bodyParser (/Users/wwei/Documents/my_github/wwei-lego-backend/node_modules/.pnpm/koa-bodyparser@4.4.0/node_modules/koa-bodyparser/index.js:91:11)
    at processTicksAndRejections (node:internal/process/task_queues:95:5)
    at async /Users/wwei/Documents/my_github/wwei-lego-backend/node_modules/.pnpm/koa-static-cache@5.1.4/node_modules/koa-static-cache/index.js:39:63
    at async notfound (/Users/wwei/Documents/my_github/wwei-lego-backend/node_modules/.pnpm/egg@3.11.0/node_modules/egg/app/middleware/notfound.js:5:5)
    at async meta (/Users/wwei/Documents/my_github/wwei-lego-backend/node_modules/.pnpm/egg@3.11.0/node_modules/egg/app/middleware/meta.js:12:5)
    at async /Users/wwei/Documents/my_github/wwei-lego-backend/node_modules/.pnpm/koa@2.14.2/node_modules/koa/lib/application.js:160:16
message: "invalid csrf token"
pid: 46169
hostname: wangweideMacBook-Pro.local

2023-06-11 11:44:35,790 ERROR 46269 [-/127.0.0.1/-/11ms POST /api/users/create] nodejs.TypeError: Cannot read properties of undefined (reading 'createUserByEmail')
    at UsersController.createUserByEmail (/Users/wwei/Documents/my_github/wwei-lego-backend/app/controller/usersController.ts:16:47)
    at Object.callFn (/Users/wwei/Documents/my_github/wwei-lego-backend/node_modules/.pnpm/egg-core@5.3.1/node_modules/egg-core/lib/utils/index.js:44:21)
    at Object.classControllerMiddleware (/Users/wwei/Documents/my_github/wwei-lego-backend/node_modules/.pnpm/egg-core@5.3.1/node_modules/egg-core/lib/loader/mixin/controller.js:87:20)
    at Object.callFn (/Users/wwei/Documents/my_github/wwei-lego-backend/node_modules/.pnpm/@eggjs+router@2.0.1/node_modules/@eggjs/router/lib/utils.js:12:21)
    at wrappedController (/Users/wwei/Documents/my_github/wwei-lego-backend/node_modules/.pnpm/@eggjs+router@2.0.1/node_modules/@eggjs/router/lib/egg_router.js:322:18)
    at dispatch (/Users/wwei/Documents/my_github/wwei-lego-backend/node_modules/.pnpm/koa-compose@3.2.1/node_modules/koa-compose/index.js:44:32)
    at next (/Users/wwei/Documents/my_github/wwei-lego-backend/node_modules/.pnpm/koa-compose@3.2.1/node_modules/koa-compose/index.js:45:18)
    at /Users/wwei/Documents/my_github/wwei-lego-backend/node_modules/.pnpm/@eggjs+router@2.0.1/node_modules/@eggjs/router/lib/router.js:186:18
    at dispatch (/Users/wwei/Documents/my_github/wwei-lego-backend/node_modules/.pnpm/koa-compose@3.2.1/node_modules/koa-compose/index.js:44:32)
    at /Users/wwei/Documents/my_github/wwei-lego-backend/node_modules/.pnpm/koa-compose@3.2.1/node_modules/koa-compose/index.js:36:12
    at dispatch (/Users/wwei/Documents/my_github/wwei-lego-backend/node_modules/.pnpm/@eggjs+router@2.0.1/node_modules/@eggjs/router/lib/router.js:191:33)
    at dispatch (/Users/wwei/Documents/my_github/wwei-lego-backend/node_modules/.pnpm/koa-compose@4.1.0/node_modules/koa-compose/index.js:42:32)
    at /Users/wwei/Documents/my_github/wwei-lego-backend/node_modules/.pnpm/egg-development@2.7.0/node_modules/egg-development/app/middleware/egg_loader_trace.js:9:56
    at dispatch (/Users/wwei/Documents/my_github/wwei-lego-backend/node_modules/.pnpm/koa-compose@4.1.0/node_modules/koa-compose/index.js:42:32)
    at i18n (/Users/wwei/Documents/my_github/wwei-lego-backend/node_modules/.pnpm/egg-i18n@2.1.1/node_modules/egg-i18n/app/middleware/i18n.js:13:12)
    at dispatch (/Users/wwei/Documents/my_github/wwei-lego-backend/node_modules/.pnpm/koa-compose@4.1.0/node_modules/koa-compose/index.js:42:32)

pid: 46269
hostname: wangweideMacBook-Pro.local

2023-06-11 11:44:37,431 ERROR 46269 [-/127.0.0.1/-/1ms POST /api/users/create] nodejs.TypeError: Cannot read properties of undefined (reading 'createUserByEmail')
    at UsersController.createUserByEmail (/Users/wwei/Documents/my_github/wwei-lego-backend/app/controller/usersController.ts:16:47)
    at Object.callFn (/Users/wwei/Documents/my_github/wwei-lego-backend/node_modules/.pnpm/egg-core@5.3.1/node_modules/egg-core/lib/utils/index.js:44:21)
    at Object.classControllerMiddleware (/Users/wwei/Documents/my_github/wwei-lego-backend/node_modules/.pnpm/egg-core@5.3.1/node_modules/egg-core/lib/loader/mixin/controller.js:87:20)
    at Object.callFn (/Users/wwei/Documents/my_github/wwei-lego-backend/node_modules/.pnpm/@eggjs+router@2.0.1/node_modules/@eggjs/router/lib/utils.js:12:21)
    at wrappedController (/Users/wwei/Documents/my_github/wwei-lego-backend/node_modules/.pnpm/@eggjs+router@2.0.1/node_modules/@eggjs/router/lib/egg_router.js:322:18)
    at dispatch (/Users/wwei/Documents/my_github/wwei-lego-backend/node_modules/.pnpm/koa-compose@3.2.1/node_modules/koa-compose/index.js:44:32)
    at next (/Users/wwei/Documents/my_github/wwei-lego-backend/node_modules/.pnpm/koa-compose@3.2.1/node_modules/koa-compose/index.js:45:18)
    at /Users/wwei/Documents/my_github/wwei-lego-backend/node_modules/.pnpm/@eggjs+router@2.0.1/node_modules/@eggjs/router/lib/router.js:186:18
    at dispatch (/Users/wwei/Documents/my_github/wwei-lego-backend/node_modules/.pnpm/koa-compose@3.2.1/node_modules/koa-compose/index.js:44:32)
    at /Users/wwei/Documents/my_github/wwei-lego-backend/node_modules/.pnpm/koa-compose@3.2.1/node_modules/koa-compose/index.js:36:12
    at dispatch (/Users/wwei/Documents/my_github/wwei-lego-backend/node_modules/.pnpm/@eggjs+router@2.0.1/node_modules/@eggjs/router/lib/router.js:191:33)
    at dispatch (/Users/wwei/Documents/my_github/wwei-lego-backend/node_modules/.pnpm/koa-compose@4.1.0/node_modules/koa-compose/index.js:42:32)
    at /Users/wwei/Documents/my_github/wwei-lego-backend/node_modules/.pnpm/egg-development@2.7.0/node_modules/egg-development/app/middleware/egg_loader_trace.js:9:56
    at dispatch (/Users/wwei/Documents/my_github/wwei-lego-backend/node_modules/.pnpm/koa-compose@4.1.0/node_modules/koa-compose/index.js:42:32)
    at i18n (/Users/wwei/Documents/my_github/wwei-lego-backend/node_modules/.pnpm/egg-i18n@2.1.1/node_modules/egg-i18n/app/middleware/i18n.js:13:12)
    at dispatch (/Users/wwei/Documents/my_github/wwei-lego-backend/node_modules/.pnpm/koa-compose@4.1.0/node_modules/koa-compose/index.js:42:32)

pid: 46269
hostname: wangweideMacBook-Pro.local

2023-06-11 11:46:16,336 ERROR 46527 [-/127.0.0.1/-/9ms POST /api/users/create] nodejs.TypeError: Cannot read properties of undefined (reading 'createUserByEmail')
    at UsersController.createUserByEmail (/Users/wwei/Documents/my_github/wwei-lego-backend/app/controller/usersController.ts:16:47)
    at Object.callFn (/Users/wwei/Documents/my_github/wwei-lego-backend/node_modules/.pnpm/egg-core@5.3.1/node_modules/egg-core/lib/utils/index.js:44:21)
    at Object.classControllerMiddleware (/Users/wwei/Documents/my_github/wwei-lego-backend/node_modules/.pnpm/egg-core@5.3.1/node_modules/egg-core/lib/loader/mixin/controller.js:87:20)
    at Object.callFn (/Users/wwei/Documents/my_github/wwei-lego-backend/node_modules/.pnpm/@eggjs+router@2.0.1/node_modules/@eggjs/router/lib/utils.js:12:21)
    at wrappedController (/Users/wwei/Documents/my_github/wwei-lego-backend/node_modules/.pnpm/@eggjs+router@2.0.1/node_modules/@eggjs/router/lib/egg_router.js:322:18)
    at dispatch (/Users/wwei/Documents/my_github/wwei-lego-backend/node_modules/.pnpm/koa-compose@3.2.1/node_modules/koa-compose/index.js:44:32)
    at next (/Users/wwei/Documents/my_github/wwei-lego-backend/node_modules/.pnpm/koa-compose@3.2.1/node_modules/koa-compose/index.js:45:18)
    at /Users/wwei/Documents/my_github/wwei-lego-backend/node_modules/.pnpm/@eggjs+router@2.0.1/node_modules/@eggjs/router/lib/router.js:186:18
    at dispatch (/Users/wwei/Documents/my_github/wwei-lego-backend/node_modules/.pnpm/koa-compose@3.2.1/node_modules/koa-compose/index.js:44:32)
    at /Users/wwei/Documents/my_github/wwei-lego-backend/node_modules/.pnpm/koa-compose@3.2.1/node_modules/koa-compose/index.js:36:12
    at dispatch (/Users/wwei/Documents/my_github/wwei-lego-backend/node_modules/.pnpm/@eggjs+router@2.0.1/node_modules/@eggjs/router/lib/router.js:191:33)
    at dispatch (/Users/wwei/Documents/my_github/wwei-lego-backend/node_modules/.pnpm/koa-compose@4.1.0/node_modules/koa-compose/index.js:42:32)
    at /Users/wwei/Documents/my_github/wwei-lego-backend/node_modules/.pnpm/egg-development@2.7.0/node_modules/egg-development/app/middleware/egg_loader_trace.js:9:56
    at dispatch (/Users/wwei/Documents/my_github/wwei-lego-backend/node_modules/.pnpm/koa-compose@4.1.0/node_modules/koa-compose/index.js:42:32)
    at i18n (/Users/wwei/Documents/my_github/wwei-lego-backend/node_modules/.pnpm/egg-i18n@2.1.1/node_modules/egg-i18n/app/middleware/i18n.js:13:12)
    at dispatch (/Users/wwei/Documents/my_github/wwei-lego-backend/node_modules/.pnpm/koa-compose@4.1.0/node_modules/koa-compose/index.js:42:32)

pid: 46527
hostname: wangweideMacBook-Pro.local

2023-06-11 11:51:47,488 ERROR 47333 [-/127.0.0.1/-/4ms POST /api/users/create] nodejs.TypeError: Cannot read properties of undefined (reading 'createUserByEmail')
    at UsersController.createUserByEmail (/Users/wwei/Documents/my_github/wwei-lego-backend/app/controller/usersController.ts:16:47)
    at Object.callFn (/Users/wwei/Documents/my_github/wwei-lego-backend/node_modules/.pnpm/egg-core@5.3.1/node_modules/egg-core/lib/utils/index.js:44:21)
    at Object.classControllerMiddleware (/Users/wwei/Documents/my_github/wwei-lego-backend/node_modules/.pnpm/egg-core@5.3.1/node_modules/egg-core/lib/loader/mixin/controller.js:87:20)
    at Object.callFn (/Users/wwei/Documents/my_github/wwei-lego-backend/node_modules/.pnpm/@eggjs+router@2.0.1/node_modules/@eggjs/router/lib/utils.js:12:21)
    at wrappedController (/Users/wwei/Documents/my_github/wwei-lego-backend/node_modules/.pnpm/@eggjs+router@2.0.1/node_modules/@eggjs/router/lib/egg_router.js:322:18)
    at dispatch (/Users/wwei/Documents/my_github/wwei-lego-backend/node_modules/.pnpm/koa-compose@3.2.1/node_modules/koa-compose/index.js:44:32)
    at next (/Users/wwei/Documents/my_github/wwei-lego-backend/node_modules/.pnpm/koa-compose@3.2.1/node_modules/koa-compose/index.js:45:18)
    at /Users/wwei/Documents/my_github/wwei-lego-backend/node_modules/.pnpm/@eggjs+router@2.0.1/node_modules/@eggjs/router/lib/router.js:186:18
    at dispatch (/Users/wwei/Documents/my_github/wwei-lego-backend/node_modules/.pnpm/koa-compose@3.2.1/node_modules/koa-compose/index.js:44:32)
    at /Users/wwei/Documents/my_github/wwei-lego-backend/node_modules/.pnpm/koa-compose@3.2.1/node_modules/koa-compose/index.js:36:12
    at dispatch (/Users/wwei/Documents/my_github/wwei-lego-backend/node_modules/.pnpm/@eggjs+router@2.0.1/node_modules/@eggjs/router/lib/router.js:191:33)
    at dispatch (/Users/wwei/Documents/my_github/wwei-lego-backend/node_modules/.pnpm/koa-compose@4.1.0/node_modules/koa-compose/index.js:42:32)
    at /Users/wwei/Documents/my_github/wwei-lego-backend/node_modules/.pnpm/egg-development@2.7.0/node_modules/egg-development/app/middleware/egg_loader_trace.js:9:56
    at dispatch (/Users/wwei/Documents/my_github/wwei-lego-backend/node_modules/.pnpm/koa-compose@4.1.0/node_modules/koa-compose/index.js:42:32)
    at i18n (/Users/wwei/Documents/my_github/wwei-lego-backend/node_modules/.pnpm/egg-i18n@2.1.1/node_modules/egg-i18n/app/middleware/i18n.js:13:12)
    at dispatch (/Users/wwei/Documents/my_github/wwei-lego-backend/node_modules/.pnpm/koa-compose@4.1.0/node_modules/koa-compose/index.js:42:32)

pid: 47333
hostname: wangweideMacBook-Pro.local

2023-06-11 11:52:41,034 ERROR 47544 [-/127.0.0.1/-/3ms POST /api/users/create] nodejs.TypeError: Cannot read properties of undefined (reading 'createUserByEmailService')
    at UsersController.createUserByEmail (/Users/wwei/Documents/my_github/wwei-lego-backend/app/controller/usersController.ts:16:47)
    at Object.callFn (/Users/wwei/Documents/my_github/wwei-lego-backend/node_modules/.pnpm/egg-core@5.3.1/node_modules/egg-core/lib/utils/index.js:44:21)
    at Object.classControllerMiddleware (/Users/wwei/Documents/my_github/wwei-lego-backend/node_modules/.pnpm/egg-core@5.3.1/node_modules/egg-core/lib/loader/mixin/controller.js:87:20)
    at Object.callFn (/Users/wwei/Documents/my_github/wwei-lego-backend/node_modules/.pnpm/@eggjs+router@2.0.1/node_modules/@eggjs/router/lib/utils.js:12:21)
    at wrappedController (/Users/wwei/Documents/my_github/wwei-lego-backend/node_modules/.pnpm/@eggjs+router@2.0.1/node_modules/@eggjs/router/lib/egg_router.js:322:18)
    at dispatch (/Users/wwei/Documents/my_github/wwei-lego-backend/node_modules/.pnpm/koa-compose@3.2.1/node_modules/koa-compose/index.js:44:32)
    at next (/Users/wwei/Documents/my_github/wwei-lego-backend/node_modules/.pnpm/koa-compose@3.2.1/node_modules/koa-compose/index.js:45:18)
    at /Users/wwei/Documents/my_github/wwei-lego-backend/node_modules/.pnpm/@eggjs+router@2.0.1/node_modules/@eggjs/router/lib/router.js:186:18
    at dispatch (/Users/wwei/Documents/my_github/wwei-lego-backend/node_modules/.pnpm/koa-compose@3.2.1/node_modules/koa-compose/index.js:44:32)
    at /Users/wwei/Documents/my_github/wwei-lego-backend/node_modules/.pnpm/koa-compose@3.2.1/node_modules/koa-compose/index.js:36:12
    at dispatch (/Users/wwei/Documents/my_github/wwei-lego-backend/node_modules/.pnpm/@eggjs+router@2.0.1/node_modules/@eggjs/router/lib/router.js:191:33)
    at dispatch (/Users/wwei/Documents/my_github/wwei-lego-backend/node_modules/.pnpm/koa-compose@4.1.0/node_modules/koa-compose/index.js:42:32)
    at /Users/wwei/Documents/my_github/wwei-lego-backend/node_modules/.pnpm/egg-development@2.7.0/node_modules/egg-development/app/middleware/egg_loader_trace.js:9:56
    at dispatch (/Users/wwei/Documents/my_github/wwei-lego-backend/node_modules/.pnpm/koa-compose@4.1.0/node_modules/koa-compose/index.js:42:32)
    at i18n (/Users/wwei/Documents/my_github/wwei-lego-backend/node_modules/.pnpm/egg-i18n@2.1.1/node_modules/egg-i18n/app/middleware/i18n.js:13:12)
    at dispatch (/Users/wwei/Documents/my_github/wwei-lego-backend/node_modules/.pnpm/koa-compose@4.1.0/node_modules/koa-compose/index.js:42:32)

pid: 47544
hostname: wangweideMacBook-Pro.local

2023-06-11 11:53:11,927 ERROR 47754 [-/127.0.0.1/-/22ms POST /api/users/create] nodejs.ValidationError: Users validation failed: username: Path `username` is required., password: Path `password` is required.
    at model.Document.invalidate (/Users/wwei/Documents/my_github/wwei-lego-backend/node_modules/.pnpm/mongoose@5.13.17/node_modules/mongoose/lib/document.js:2782:32)
    at /Users/wwei/Documents/my_github/wwei-lego-backend/node_modules/.pnpm/mongoose@5.13.17/node_modules/mongoose/lib/document.js:2574:17
    at /Users/wwei/Documents/my_github/wwei-lego-backend/node_modules/.pnpm/mongoose@5.13.17/node_modules/mongoose/lib/schematype.js:1273:9
    at processTicksAndRejections (node:internal/process/task_queues:77:11)
errors: {"username":{"name":"ValidatorError","message":"Path `username` is required.","properties":{"message":"Path `username` is required.","type":"required","path":"username"},"kind":"required","path":"username"},"password":{"name":"ValidatorError","message":"Path `password` is required.","properties":{"message":"Path `password` is required.","type":"required","path":"password"},"kind":"required","path":"password"}}
_message: "Users validation failed"
pid: 47754
hostname: wangweideMacBook-Pro.local

2023-06-11 11:54:04,603 ERROR 47754 [-/127.0.0.1/-/2ms POST /api/users/create] nodejs.ValidationError: Users validation failed: username: Path `username` is required., password: Path `password` is required.
    at model.Document.invalidate (/Users/wwei/Documents/my_github/wwei-lego-backend/node_modules/.pnpm/mongoose@5.13.17/node_modules/mongoose/lib/document.js:2782:32)
    at /Users/wwei/Documents/my_github/wwei-lego-backend/node_modules/.pnpm/mongoose@5.13.17/node_modules/mongoose/lib/document.js:2574:17
    at /Users/wwei/Documents/my_github/wwei-lego-backend/node_modules/.pnpm/mongoose@5.13.17/node_modules/mongoose/lib/schematype.js:1273:9
    at processTicksAndRejections (node:internal/process/task_queues:77:11)
errors: {"username":{"name":"ValidatorError","message":"Path `username` is required.","properties":{"message":"Path `username` is required.","type":"required","path":"username"},"kind":"required","path":"username"},"password":{"name":"ValidatorError","message":"Path `password` is required.","properties":{"message":"Path `password` is required.","type":"required","path":"password"},"kind":"required","path":"password"}}
_message: "Users validation failed"
pid: 47754
hostname: wangweideMacBook-Pro.local

2023-06-11 11:55:49,908 ERROR 48006 [-/127.0.0.1/-/21ms POST /api/users/create] nodejs.ValidationError: Users validation failed: username: Path `username` is required., password: Path `password` is required.
    at model.Document.invalidate (/Users/wwei/Documents/my_github/wwei-lego-backend/node_modules/.pnpm/mongoose@5.13.17/node_modules/mongoose/lib/document.js:2782:32)
    at /Users/wwei/Documents/my_github/wwei-lego-backend/node_modules/.pnpm/mongoose@5.13.17/node_modules/mongoose/lib/document.js:2574:17
    at /Users/wwei/Documents/my_github/wwei-lego-backend/node_modules/.pnpm/mongoose@5.13.17/node_modules/mongoose/lib/schematype.js:1273:9
    at processTicksAndRejections (node:internal/process/task_queues:77:11)
errors: {"username":{"name":"ValidatorError","message":"Path `username` is required.","properties":{"message":"Path `username` is required.","type":"required","path":"username"},"kind":"required","path":"username"},"password":{"name":"ValidatorError","message":"Path `password` is required.","properties":{"message":"Path `password` is required.","type":"required","path":"password"},"kind":"required","path":"password"}}
_message: "Users validation failed"
pid: 48006
hostname: wangweideMacBook-Pro.local

2023-06-11 11:56:05,018 ERROR 48081 [-/127.0.0.1/-/6ms POST /api/users/create] nodejs.ValidationError: Users validation failed: username: Path `username` is required., password: Path `password` is required.
    at model.Document.invalidate (/Users/wwei/Documents/my_github/wwei-lego-backend/node_modules/.pnpm/mongoose@5.13.17/node_modules/mongoose/lib/document.js:2782:32)
    at /Users/wwei/Documents/my_github/wwei-lego-backend/node_modules/.pnpm/mongoose@5.13.17/node_modules/mongoose/lib/document.js:2574:17
    at /Users/wwei/Documents/my_github/wwei-lego-backend/node_modules/.pnpm/mongoose@5.13.17/node_modules/mongoose/lib/schematype.js:1273:9
    at processTicksAndRejections (node:internal/process/task_queues:77:11)
errors: {"username":{"name":"ValidatorError","message":"Path `username` is required.","properties":{"message":"Path `username` is required.","type":"required","path":"username"},"kind":"required","path":"username"},"password":{"name":"ValidatorError","message":"Path `password` is required.","properties":{"message":"Path `password` is required.","type":"required","path":"password"},"kind":"required","path":"password"}}
_message: "Users validation failed"
pid: 48081
hostname: wangweideMacBook-Pro.local

2023-06-11 11:56:39,247 ERROR 48186 [-/127.0.0.1/-/28ms POST /api/users/create] nodejs.ValidationError: Users validation failed: username: Path `username` is required., password: Path `password` is required.
    at model.Document.invalidate (/Users/wwei/Documents/my_github/wwei-lego-backend/node_modules/.pnpm/mongoose@5.13.17/node_modules/mongoose/lib/document.js:2782:32)
    at /Users/wwei/Documents/my_github/wwei-lego-backend/node_modules/.pnpm/mongoose@5.13.17/node_modules/mongoose/lib/document.js:2574:17
    at /Users/wwei/Documents/my_github/wwei-lego-backend/node_modules/.pnpm/mongoose@5.13.17/node_modules/mongoose/lib/schematype.js:1273:9
    at processTicksAndRejections (node:internal/process/task_queues:77:11)
errors: {"username":{"name":"ValidatorError","message":"Path `username` is required.","properties":{"message":"Path `username` is required.","type":"required","path":"username"},"kind":"required","path":"username"},"password":{"name":"ValidatorError","message":"Path `password` is required.","properties":{"message":"Path `password` is required.","type":"required","path":"password"},"kind":"required","path":"password"}}
_message: "Users validation failed"
pid: 48186
hostname: wangweideMacBook-Pro.local

2023-06-11 11:57:05,112 ERROR 48186 [-/127.0.0.1/-/10ms POST /api/users/create] nodejs.ValidationError: Users validation failed: username: Path `username` is required., password: Path `password` is required.
    at model.Document.invalidate (/Users/wwei/Documents/my_github/wwei-lego-backend/node_modules/.pnpm/mongoose@5.13.17/node_modules/mongoose/lib/document.js:2782:32)
    at /Users/wwei/Documents/my_github/wwei-lego-backend/node_modules/.pnpm/mongoose@5.13.17/node_modules/mongoose/lib/document.js:2574:17
    at /Users/wwei/Documents/my_github/wwei-lego-backend/node_modules/.pnpm/mongoose@5.13.17/node_modules/mongoose/lib/schematype.js:1273:9
    at processTicksAndRejections (node:internal/process/task_queues:77:11)
errors: {"username":{"name":"ValidatorError","message":"Path `username` is required.","properties":{"message":"Path `username` is required.","type":"required","path":"username"},"kind":"required","path":"username"},"password":{"name":"ValidatorError","message":"Path `password` is required.","properties":{"message":"Path `password` is required.","type":"required","path":"password"},"kind":"required","path":"password"}}
_message: "Users validation failed"
pid: 48186
hostname: wangweideMacBook-Pro.local

2023-06-11 11:58:22,970 ERROR 48186 [-/127.0.0.1/-/2ms POST /api/users/create] nodejs.ValidationError: Users validation failed: username: Path `username` is required., password: Path `password` is required.
    at model.Document.invalidate (/Users/wwei/Documents/my_github/wwei-lego-backend/node_modules/.pnpm/mongoose@5.13.17/node_modules/mongoose/lib/document.js:2782:32)
    at /Users/wwei/Documents/my_github/wwei-lego-backend/node_modules/.pnpm/mongoose@5.13.17/node_modules/mongoose/lib/document.js:2574:17
    at /Users/wwei/Documents/my_github/wwei-lego-backend/node_modules/.pnpm/mongoose@5.13.17/node_modules/mongoose/lib/schematype.js:1273:9
    at processTicksAndRejections (node:internal/process/task_queues:77:11)
errors: {"username":{"name":"ValidatorError","message":"Path `username` is required.","properties":{"message":"Path `username` is required.","type":"required","path":"username"},"kind":"required","path":"username"},"password":{"name":"ValidatorError","message":"Path `password` is required.","properties":{"message":"Path `password` is required.","type":"required","path":"password"},"kind":"required","path":"password"}}
_message: "Users validation failed"
pid: 48186
hostname: wangweideMacBook-Pro.local

2023-06-11 11:58:44,377 ERROR 48343 [-/127.0.0.1/-/24ms POST /api/users/create] nodejs.ValidationError: Users validation failed: username: Path `username` is required., password: Path `password` is required.
    at model.Document.invalidate (/Users/wwei/Documents/my_github/wwei-lego-backend/node_modules/.pnpm/mongoose@5.13.17/node_modules/mongoose/lib/document.js:2782:32)
    at /Users/wwei/Documents/my_github/wwei-lego-backend/node_modules/.pnpm/mongoose@5.13.17/node_modules/mongoose/lib/document.js:2574:17
    at /Users/wwei/Documents/my_github/wwei-lego-backend/node_modules/.pnpm/mongoose@5.13.17/node_modules/mongoose/lib/schematype.js:1273:9
    at processTicksAndRejections (node:internal/process/task_queues:77:11)
errors: {"username":{"name":"ValidatorError","message":"Path `username` is required.","properties":{"message":"Path `username` is required.","type":"required","path":"username"},"kind":"required","path":"username"},"password":{"name":"ValidatorError","message":"Path `password` is required.","properties":{"message":"Path `password` is required.","type":"required","path":"password"},"kind":"required","path":"password"}}
_message: "Users validation failed"
pid: 48343
hostname: wangweideMacBook-Pro.local

2023-06-11 12:01:32,189 ERROR 48586 [-/127.0.0.1/-/53ms POST /api/users/create] nodejs.MongoError: E11000 duplicate key error collection: wwei-lego-database.users index: username_1 dup key: { username: "444" }
    at Function.create (/Users/wwei/Documents/my_github/wwei-lego-backend/node_modules/.pnpm/mongodb@3.7.3/node_modules/mongodb/lib/core/error.js:59:12)
    at toError (/Users/wwei/Documents/my_github/wwei-lego-backend/node_modules/.pnpm/mongodb@3.7.3/node_modules/mongodb/lib/utils.js:130:22)
    at /Users/wwei/Documents/my_github/wwei-lego-backend/node_modules/.pnpm/mongodb@3.7.3/node_modules/mongodb/lib/operations/common_functions.js:258:39
    at /Users/wwei/Documents/my_github/wwei-lego-backend/node_modules/.pnpm/mongodb@3.7.3/node_modules/mongodb/lib/core/connection/pool.js:407:18
    at processTicksAndRejections (node:internal/process/task_queues:77:11)
driver: true
name: "MongoError"
index: 0
code: 11000
keyPattern: {"username":1}
keyValue: {"username":"444"}
pid: 48586
hostname: wangweideMacBook-Pro.local

2023-06-11 12:04:03,130 ERROR 48630 [-/127.0.0.1/-/15ms GET /api/users/64854727392545bdca4a1e0c] nodejs.TypeError: Cannot read properties of undefined (reading 'findUserById')
    at UsersController.getUserById (/Users/wwei/Documents/my_github/wwei-lego-backend/app/controller/usersController.ts:23:47)
    at Object.callFn (/Users/wwei/Documents/my_github/wwei-lego-backend/node_modules/.pnpm/egg-core@5.3.1/node_modules/egg-core/lib/utils/index.js:44:21)
    at Object.classControllerMiddleware (/Users/wwei/Documents/my_github/wwei-lego-backend/node_modules/.pnpm/egg-core@5.3.1/node_modules/egg-core/lib/loader/mixin/controller.js:87:20)
    at Object.callFn (/Users/wwei/Documents/my_github/wwei-lego-backend/node_modules/.pnpm/@eggjs+router@2.0.1/node_modules/@eggjs/router/lib/utils.js:12:21)
    at wrappedController (/Users/wwei/Documents/my_github/wwei-lego-backend/node_modules/.pnpm/@eggjs+router@2.0.1/node_modules/@eggjs/router/lib/egg_router.js:322:18)
    at dispatch (/Users/wwei/Documents/my_github/wwei-lego-backend/node_modules/.pnpm/koa-compose@3.2.1/node_modules/koa-compose/index.js:44:32)
    at next (/Users/wwei/Documents/my_github/wwei-lego-backend/node_modules/.pnpm/koa-compose@3.2.1/node_modules/koa-compose/index.js:45:18)
    at /Users/wwei/Documents/my_github/wwei-lego-backend/node_modules/.pnpm/@eggjs+router@2.0.1/node_modules/@eggjs/router/lib/router.js:186:18
    at dispatch (/Users/wwei/Documents/my_github/wwei-lego-backend/node_modules/.pnpm/koa-compose@3.2.1/node_modules/koa-compose/index.js:44:32)
    at /Users/wwei/Documents/my_github/wwei-lego-backend/node_modules/.pnpm/koa-compose@3.2.1/node_modules/koa-compose/index.js:36:12
    at dispatch (/Users/wwei/Documents/my_github/wwei-lego-backend/node_modules/.pnpm/@eggjs+router@2.0.1/node_modules/@eggjs/router/lib/router.js:191:33)
    at dispatch (/Users/wwei/Documents/my_github/wwei-lego-backend/node_modules/.pnpm/koa-compose@4.1.0/node_modules/koa-compose/index.js:42:32)
    at /Users/wwei/Documents/my_github/wwei-lego-backend/node_modules/.pnpm/egg-development@2.7.0/node_modules/egg-development/app/middleware/egg_loader_trace.js:9:56
    at dispatch (/Users/wwei/Documents/my_github/wwei-lego-backend/node_modules/.pnpm/koa-compose@4.1.0/node_modules/koa-compose/index.js:42:32)
    at i18n (/Users/wwei/Documents/my_github/wwei-lego-backend/node_modules/.pnpm/egg-i18n@2.1.1/node_modules/egg-i18n/app/middleware/i18n.js:13:12)
    at dispatch (/Users/wwei/Documents/my_github/wwei-lego-backend/node_modules/.pnpm/koa-compose@4.1.0/node_modules/koa-compose/index.js:42:32)

pid: 48630
hostname: wangweideMacBook-Pro.local

2023-06-11 18:20:46,208 ERROR 64647 [-/127.0.0.1/-/1ms GET /] nodejs.TSError: [egg-core] load file: /Users/wwei/Documents/my_github/wwei-lego-backend/app/model/Users.ts, error: ‚®Ø Unable to compile TypeScript:
[96mapp/model/Users.ts[0m:[93m2[0m:[93m1[0m - [91merror[0m[90m TS6133: [0m'Model' is declared but its value is never read.

[7m2[0m import { Model } from 'mongoose';
[7m [0m [91m~~~~~~~~~~~~~~~~~~~~~~~~~~~~~~~~~[0m

[96mapp/model/Users.ts[0m:[93m2[0m:[93m1[0m - [91merror[0m[90m TS6133: [0m'Model' is declared but its value is never read.

[7m2[0m import { Model } from 'mongoose';
[7m [0m [91m~~~~~~~~~~~~~~~~~~~~~~~~~~~~~~~~~[0m

    at createTSError (/Users/wwei/Documents/my_github/wwei-lego-backend/node_modules/.pnpm/ts-node@10.9.1_@types+node@20.2.5_typescript@4.9.4/node_modules/ts-node/src/index.ts:859:12)
    at reportTSError (/Users/wwei/Documents/my_github/wwei-lego-backend/node_modules/.pnpm/ts-node@10.9.1_@types+node@20.2.5_typescript@4.9.4/node_modules/ts-node/src/index.ts:863:19)
    at getOutput (/Users/wwei/Documents/my_github/wwei-lego-backend/node_modules/.pnpm/ts-node@10.9.1_@types+node@20.2.5_typescript@4.9.4/node_modules/ts-node/src/index.ts:1077:36)
    at Object.compile (/Users/wwei/Documents/my_github/wwei-lego-backend/node_modules/.pnpm/ts-node@10.9.1_@types+node@20.2.5_typescript@4.9.4/node_modules/ts-node/src/index.ts:1433:41)
    at Module.m._compile (/Users/wwei/Documents/my_github/wwei-lego-backend/node_modules/.pnpm/ts-node@10.9.1_@types+node@20.2.5_typescript@4.9.4/node_modules/ts-node/src/index.ts:1617:30)
    at Module._extensions..js (node:internal/modules/cjs/loader:1213:10)
    at Object.require.extensions.<computed> [as .ts] (/Users/wwei/Documents/my_github/wwei-lego-backend/node_modules/.pnpm/ts-node@10.9.1_@types+node@20.2.5_typescript@4.9.4/node_modules/ts-node/src/index.ts:1621:12)
    at Module.load (node:internal/modules/cjs/loader:1037:32)
    at Function.Module._load (node:internal/modules/cjs/loader:878:12)
    at Module.require (node:internal/modules/cjs/loader:1061:19)
    at require (node:internal/modules/cjs/helpers:103:18)
    at Object.loadFile (/Users/wwei/Documents/my_github/wwei-lego-backend/node_modules/.pnpm/egg-core@5.3.1/node_modules/egg-core/lib/utils/index.js:27:19)
    at getExports (/Users/wwei/Documents/my_github/wwei-lego-backend/node_modules/.pnpm/egg-core@5.3.1/node_modules/egg-core/lib/loader/file_loader.js:199:23)
    at FileLoader.parse (/Users/wwei/Documents/my_github/wwei-lego-backend/node_modules/.pnpm/egg-core@5.3.1/node_modules/egg-core/lib/loader/file_loader.js:158:25)
    at FileLoader.load (/Users/wwei/Documents/my_github/wwei-lego-backend/node_modules/.pnpm/egg-core@5.3.1/node_modules/egg-core/lib/loader/file_loader.js:67:24)
    at AppWorkerLoader.loadToApp (/Users/wwei/Documents/my_github/wwei-lego-backend/node_modules/.pnpm/egg-core@5.3.1/node_modules/egg-core/lib/loader/egg_loader.js:399:25)
diagnosticCodes: [6133]
pid: 64647
hostname: wangweideMacBook-Pro.local

2023-06-11 18:21:22,197 ERROR 64755 [-/127.0.0.1/-/1ms GET /] nodejs.TSError: [egg-core] load file: /Users/wwei/Documents/my_github/wwei-lego-backend/app/model/Users.ts, error: ‚®Ø Unable to compile TypeScript:
[96mapp/model/Users.ts[0m:[93m1[0m:[93m23[0m - [91merror[0m[90m TS6133: [0m'IModel' is declared but its value is never read.

[7m1[0m import { Application, IModel } from 'egg';
[7m [0m [91m                      ~~~~~~[0m

[96mapp/model/Users.ts[0m:[93m1[0m:[93m23[0m - [91merror[0m[90m TS6133: [0m'IModel' is declared but its value is never read.

[7m1[0m import { Application, IModel } from 'egg';
[7m [0m [91m                      ~~~~~~[0m

    at createTSError (/Users/wwei/Documents/my_github/wwei-lego-backend/node_modules/.pnpm/ts-node@10.9.1_@types+node@20.2.5_typescript@4.9.4/node_modules/ts-node/src/index.ts:859:12)
    at reportTSError (/Users/wwei/Documents/my_github/wwei-lego-backend/node_modules/.pnpm/ts-node@10.9.1_@types+node@20.2.5_typescript@4.9.4/node_modules/ts-node/src/index.ts:863:19)
    at getOutput (/Users/wwei/Documents/my_github/wwei-lego-backend/node_modules/.pnpm/ts-node@10.9.1_@types+node@20.2.5_typescript@4.9.4/node_modules/ts-node/src/index.ts:1077:36)
    at Object.compile (/Users/wwei/Documents/my_github/wwei-lego-backend/node_modules/.pnpm/ts-node@10.9.1_@types+node@20.2.5_typescript@4.9.4/node_modules/ts-node/src/index.ts:1433:41)
    at Module.m._compile (/Users/wwei/Documents/my_github/wwei-lego-backend/node_modules/.pnpm/ts-node@10.9.1_@types+node@20.2.5_typescript@4.9.4/node_modules/ts-node/src/index.ts:1617:30)
    at Module._extensions..js (node:internal/modules/cjs/loader:1213:10)
    at Object.require.extensions.<computed> [as .ts] (/Users/wwei/Documents/my_github/wwei-lego-backend/node_modules/.pnpm/ts-node@10.9.1_@types+node@20.2.5_typescript@4.9.4/node_modules/ts-node/src/index.ts:1621:12)
    at Module.load (node:internal/modules/cjs/loader:1037:32)
    at Function.Module._load (node:internal/modules/cjs/loader:878:12)
    at Module.require (node:internal/modules/cjs/loader:1061:19)
    at require (node:internal/modules/cjs/helpers:103:18)
    at Object.loadFile (/Users/wwei/Documents/my_github/wwei-lego-backend/node_modules/.pnpm/egg-core@5.3.1/node_modules/egg-core/lib/utils/index.js:27:19)
    at getExports (/Users/wwei/Documents/my_github/wwei-lego-backend/node_modules/.pnpm/egg-core@5.3.1/node_modules/egg-core/lib/loader/file_loader.js:199:23)
    at FileLoader.parse (/Users/wwei/Documents/my_github/wwei-lego-backend/node_modules/.pnpm/egg-core@5.3.1/node_modules/egg-core/lib/loader/file_loader.js:158:25)
    at FileLoader.load (/Users/wwei/Documents/my_github/wwei-lego-backend/node_modules/.pnpm/egg-core@5.3.1/node_modules/egg-core/lib/loader/file_loader.js:67:24)
    at AppWorkerLoader.loadToApp (/Users/wwei/Documents/my_github/wwei-lego-backend/node_modules/.pnpm/egg-core@5.3.1/node_modules/egg-core/lib/loader/egg_loader.js:399:25)
diagnosticCodes: [6133]
pid: 64755
hostname: wangweideMacBook-Pro.local

2023-06-11 18:48:59,652 ERROR 67499 [-/127.0.0.1/-/0ms GET /] nodejs.Error: Users copy is not match 'a-z0-9_-' in Users copy.ts
    at /Users/wwei/Documents/my_github/wwei-lego-backend/node_modules/.pnpm/egg-core@5.3.1/node_modules/egg-core/lib/loader/file_loader.js:234:13
    at Array.map (<anonymous>)
    at defaultCamelize (/Users/wwei/Documents/my_github/wwei-lego-backend/node_modules/.pnpm/egg-core@5.3.1/node_modules/egg-core/lib/loader/file_loader.js:232:21)
    at getProperties (/Users/wwei/Documents/my_github/wwei-lego-backend/node_modules/.pnpm/egg-core@5.3.1/node_modules/egg-core/lib/loader/file_loader.js:193:10)
    at FileLoader.parse (/Users/wwei/Documents/my_github/wwei-lego-backend/node_modules/.pnpm/egg-core@5.3.1/node_modules/egg-core/lib/loader/file_loader.js:154:28)
    at FileLoader.load (/Users/wwei/Documents/my_github/wwei-lego-backend/node_modules/.pnpm/egg-core@5.3.1/node_modules/egg-core/lib/loader/file_loader.js:67:24)
    at AppWorkerLoader.loadToApp (/Users/wwei/Documents/my_github/wwei-lego-backend/node_modules/.pnpm/egg-core@5.3.1/node_modules/egg-core/lib/loader/egg_loader.js:399:25)
    at loadModelToApp (/Users/wwei/Documents/my_github/wwei-lego-backend/node_modules/.pnpm/egg-mongoose@3.3.1/node_modules/egg-mongoose/lib/mongoose.js:124:14)
    at /Users/wwei/Documents/my_github/wwei-lego-backend/node_modules/.pnpm/egg-mongoose@3.3.1/node_modules/egg-mongoose/lib/mongoose.js:53:7
    at Object.callFn (/Users/wwei/Documents/my_github/wwei-lego-backend/node_modules/.pnpm/egg-core@5.3.1/node_modules/egg-core/lib/utils/index.js:44:42)
    at /Users/wwei/Documents/my_github/wwei-lego-backend/node_modules/.pnpm/egg-core@5.3.1/node_modules/egg-core/lib/lifecycle.js:265:13
    at processTicksAndRejections (node:internal/process/task_queues:77:11)

pid: 67499
hostname: wangweideMacBook-Pro.local

2023-06-11 18:49:12,376 ERROR 67533 [-/127.0.0.1/-/0ms GET /] nodejs.Error: 1111 is not match 'a-z0-9_-' in 1111.ts
    at /Users/wwei/Documents/my_github/wwei-lego-backend/node_modules/.pnpm/egg-core@5.3.1/node_modules/egg-core/lib/loader/file_loader.js:234:13
    at Array.map (<anonymous>)
    at defaultCamelize (/Users/wwei/Documents/my_github/wwei-lego-backend/node_modules/.pnpm/egg-core@5.3.1/node_modules/egg-core/lib/loader/file_loader.js:232:21)
    at getProperties (/Users/wwei/Documents/my_github/wwei-lego-backend/node_modules/.pnpm/egg-core@5.3.1/node_modules/egg-core/lib/loader/file_loader.js:193:10)
    at FileLoader.parse (/Users/wwei/Documents/my_github/wwei-lego-backend/node_modules/.pnpm/egg-core@5.3.1/node_modules/egg-core/lib/loader/file_loader.js:154:28)
    at FileLoader.load (/Users/wwei/Documents/my_github/wwei-lego-backend/node_modules/.pnpm/egg-core@5.3.1/node_modules/egg-core/lib/loader/file_loader.js:67:24)
    at AppWorkerLoader.loadToApp (/Users/wwei/Documents/my_github/wwei-lego-backend/node_modules/.pnpm/egg-core@5.3.1/node_modules/egg-core/lib/loader/egg_loader.js:399:25)
    at loadModelToApp (/Users/wwei/Documents/my_github/wwei-lego-backend/node_modules/.pnpm/egg-mongoose@3.3.1/node_modules/egg-mongoose/lib/mongoose.js:124:14)
    at /Users/wwei/Documents/my_github/wwei-lego-backend/node_modules/.pnpm/egg-mongoose@3.3.1/node_modules/egg-mongoose/lib/mongoose.js:53:7
    at Object.callFn (/Users/wwei/Documents/my_github/wwei-lego-backend/node_modules/.pnpm/egg-core@5.3.1/node_modules/egg-core/lib/utils/index.js:44:42)
    at /Users/wwei/Documents/my_github/wwei-lego-backend/node_modules/.pnpm/egg-core@5.3.1/node_modules/egg-core/lib/lifecycle.js:265:13
    at processTicksAndRejections (node:internal/process/task_queues:77:11)

pid: 67533
hostname: wangweideMacBook-Pro.local

2023-06-11 18:51:11,890 ERROR 67976 [-/127.0.0.1/-/0ms GET /] nodejs.Error: 1111 is not match 'a-z0-9_-' in 1111.ts
    at /Users/wwei/Documents/my_github/wwei-lego-backend/node_modules/.pnpm/egg-core@5.3.1/node_modules/egg-core/lib/loader/file_loader.js:234:13
    at Array.map (<anonymous>)
    at defaultCamelize (/Users/wwei/Documents/my_github/wwei-lego-backend/node_modules/.pnpm/egg-core@5.3.1/node_modules/egg-core/lib/loader/file_loader.js:232:21)
    at getProperties (/Users/wwei/Documents/my_github/wwei-lego-backend/node_modules/.pnpm/egg-core@5.3.1/node_modules/egg-core/lib/loader/file_loader.js:193:10)
    at FileLoader.parse (/Users/wwei/Documents/my_github/wwei-lego-backend/node_modules/.pnpm/egg-core@5.3.1/node_modules/egg-core/lib/loader/file_loader.js:154:28)
    at FileLoader.load (/Users/wwei/Documents/my_github/wwei-lego-backend/node_modules/.pnpm/egg-core@5.3.1/node_modules/egg-core/lib/loader/file_loader.js:67:24)
    at AppWorkerLoader.loadToApp (/Users/wwei/Documents/my_github/wwei-lego-backend/node_modules/.pnpm/egg-core@5.3.1/node_modules/egg-core/lib/loader/egg_loader.js:399:25)
    at loadModelToApp (/Users/wwei/Documents/my_github/wwei-lego-backend/node_modules/.pnpm/egg-mongoose@3.3.1/node_modules/egg-mongoose/lib/mongoose.js:124:14)
    at /Users/wwei/Documents/my_github/wwei-lego-backend/node_modules/.pnpm/egg-mongoose@3.3.1/node_modules/egg-mongoose/lib/mongoose.js:53:7
    at Object.callFn (/Users/wwei/Documents/my_github/wwei-lego-backend/node_modules/.pnpm/egg-core@5.3.1/node_modules/egg-core/lib/utils/index.js:44:42)
    at /Users/wwei/Documents/my_github/wwei-lego-backend/node_modules/.pnpm/egg-core@5.3.1/node_modules/egg-core/lib/lifecycle.js:265:13
    at processTicksAndRejections (node:internal/process/task_queues:77:11)

pid: 67976
hostname: wangweideMacBook-Pro.local

2023-06-11 19:09:37,054 ERROR 69919 [-/127.0.0.1/-/47ms POST /api/users/create] nodejs.MongoError: E11000 duplicate key error collection: wwei-lego-database.users index: username_1 dup key: { username: "222" }
    at Function.create (/Users/wwei/Documents/my_github/wwei-lego-backend/node_modules/.pnpm/mongodb@3.7.3/node_modules/mongodb/lib/core/error.js:59:12)
    at toError (/Users/wwei/Documents/my_github/wwei-lego-backend/node_modules/.pnpm/mongodb@3.7.3/node_modules/mongodb/lib/utils.js:130:22)
    at /Users/wwei/Documents/my_github/wwei-lego-backend/node_modules/.pnpm/mongodb@3.7.3/node_modules/mongodb/lib/operations/common_functions.js:258:39
    at /Users/wwei/Documents/my_github/wwei-lego-backend/node_modules/.pnpm/mongodb@3.7.3/node_modules/mongodb/lib/core/connection/pool.js:407:18
    at processTicksAndRejections (node:internal/process/task_queues:77:11)
driver: true
name: "MongoError"
index: 0
code: 11000
keyPattern: {"username":1}
keyValue: {"username":"222"}
pid: 69919
hostname: wangweideMacBook-Pro.local

2023-06-11 21:05:56,448 ERROR 78619 [-/127.0.0.1/-/51ms POST /api/users/create] nodejs.ValidationError: Users validation failed: password: Cast to string failed for value "Promise {
  <pending>,
  [Symbol(async_id_symbol)]: 205,
  [Symbol(trigger_async_id_symbol)]: 203,
  [Symbol(kResourceStore)]: {
    request: { method: 'POST', url: '/api/users/create', header: [Object] },
    response: {
      status: 404,
      message: 'Not Found',
      header: [Object: null prototype] {}
    },
    app: {
      env: 'local',
      name: 'wwei-lego-backend',
      baseDir: '/Users/wwei/Documents/my_github/wwei-lego-backend',
      subdomainOffset: 2,
      config: '<egg config>',
      controller: '<egg controller>',
      httpclient: '<egg httpclient>',
      loggers: '<egg loggers>',
      middlewares: '<egg middlewares>',
      router: '<egg router>',
      serviceClasses: '<egg serviceClasses>'
    },
    originalUrl: '/api/users/create',
    req: '<original node req>',
    res: '<original node res>',
    socket: '<original node socket>'
  }
}" (type Promise) at path "password"
  <pending>,
  [Symbol(async_id_symbol)]: 205,
  [Symbol(trigger_async_id_symbol)]: 203,
  [Symbol(kResourceStore)]: {
    request: { method: 'POST', url: '/api/users/create', header: [Object] },
    response: {
      status: 404,
      message: 'Not Found',
      header: [Object: null prototype] {}
    },
    app: {
      env: 'local',
      name: 'wwei-lego-backend',
      baseDir: '/Users/wwei/Documents/my_github/wwei-lego-backend',
      subdomainOffset: 2,
      config: '<egg config>',
      controller: '<egg controller>',
      httpclient: '<egg httpclient>',
      loggers: '<egg loggers>',
      middlewares: '<egg middlewares>',
      router: '<egg router>',
      serviceClasses: '<egg serviceClasses>'
    },
    originalUrl: '/api/users/create',
    req: '<original node req>',
    res: '<original node res>',
    socket: '<original node socket>'
  }
}" (type Promise) at path "password"
    at model.Document.invalidate (/Users/wwei/Documents/my_github/wwei-lego-backend/node_modules/.pnpm/mongoose@5.13.17/node_modules/mongoose/lib/document.js:2782:32)
    at model.$set (/Users/wwei/Documents/my_github/wwei-lego-backend/node_modules/.pnpm/mongoose@5.13.17/node_modules/mongoose/lib/document.js:1349:12)
    at model.$set (/Users/wwei/Documents/my_github/wwei-lego-backend/node_modules/.pnpm/mongoose@5.13.17/node_modules/mongoose/lib/document.js:1058:16)
    at model.Document (/Users/wwei/Documents/my_github/wwei-lego-backend/node_modules/.pnpm/mongoose@5.13.17/node_modules/mongoose/lib/document.js:148:12)
    at model.Model (/Users/wwei/Documents/my_github/wwei-lego-backend/node_modules/.pnpm/mongoose@5.13.17/node_modules/mongoose/lib/model.js:106:12)
    at new model (/Users/wwei/Documents/my_github/wwei-lego-backend/node_modules/.pnpm/mongoose@5.13.17/node_modules/mongoose/lib/model.js:4919:15)
    at /Users/wwei/Documents/my_github/wwei-lego-backend/node_modules/.pnpm/mongoose@5.13.17/node_modules/mongoose/lib/model.js:3165:22
    at /Users/wwei/Documents/my_github/wwei-lego-backend/node_modules/.pnpm/mongoose@5.13.17/node_modules/mongoose/lib/model.js:3201:7
    at Array.forEach (<anonymous>)
    at /Users/wwei/Documents/my_github/wwei-lego-backend/node_modules/.pnpm/mongoose@5.13.17/node_modules/mongoose/lib/model.js:3200:15
    at /Users/wwei/Documents/my_github/wwei-lego-backend/node_modules/.pnpm/mongoose@5.13.17/node_modules/mongoose/lib/helpers/promiseOrCallback.js:32:5
    at new Promise (<anonymous>)
    at promiseOrCallback (/Users/wwei/Documents/my_github/wwei-lego-backend/node_modules/.pnpm/mongoose@5.13.17/node_modules/mongoose/lib/helpers/promiseOrCallback.js:31:10)
    at Mongoose._promiseOrCallback (/Users/wwei/Documents/my_github/wwei-lego-backend/node_modules/.pnpm/mongoose@5.13.17/node_modules/mongoose/lib/index.js:1149:10)
    at Function.create (/Users/wwei/Documents/my_github/wwei-lego-backend/node_modules/.pnpm/mongoose@5.13.17/node_modules/mongoose/lib/model.js:3135:23)
    at UserService.createUserByEmail (/Users/wwei/Documents/my_github/wwei-lego-backend/app/service/userService.ts:16:34)
errors: {"password":{"stringValue":"\"Promise {\n  <pending>,\n  [Symbol(async_id_symbol)]: 205,\n  [Symbol(trigger_async_id_symbol)]: 203,\n  [Symbol(kResourceStore)]: {\n    request: { method: 'POST', url: '/api/users/create', header: [Object] },\n    response: {\n      status: 404,\n      message: 'Not Found',\n      header: [Object: null prototype] {}\n    },\n    app: {\n      env: 'local',\n      name: 'wwei-lego-backend',\n      baseDir: '/Users/wwei/Documents/my_github/wwei-lego-backend',\n      subdomainOffset: 2,\n      config: '<egg config>',\n      controller: '<egg controller>',\n      httpclient: '<egg httpclient>',\n      loggers: '<egg loggers>',\n      middlewares: '<egg middlewares>',\n      router: '<egg router>',\n      serviceClasses: '<egg serviceClasses>'\n    },\n    originalUrl: '/api/users/create',\n    req: '<original node req>',\n    res: '<original node res>',\n    socket: '<original node socket>'\n  }\n}\"","valueType":"Promise","kind":"string","value":{},"path":"password","reason":null,"name":"CastError","message":"Cast to string failed for value \"Promise {\n  <pending>,\n  [Symbol(async_id_symbol)]: 205,\n  [Symbol(trigger_async_id_symbol)]: 203,\n  [Symbol(kResourceStore)]: {\n    request: { method: 'POST', url: '/api/users/create', header: [Object] },\n    response: {\n      status: 404,\n      message: 'Not Found',\n      header: [Object: null prototype] {}\n    },\n    app: {\n      env: 'local',\n      name: 'wwei-lego-backend',\n      baseDir: '/Users/wwei/Documents/my_github/wwei-lego-backend',\n      subdomainOffset: 2,\n      config: '<egg config>',\n      controller: '<egg controller>',\n      httpclient: '<egg httpclient>',\n      loggers: '<egg loggers>',\n      middlewares: '<egg middlewares>',\n      router: '<egg router>',\n      serviceClasses: '<egg serviceClasses>'\n    },\n    originalUrl: '/api/users/create',\n    req: '<original node req>',\n    res: '<original node res>',\n    socket: '<original node socket>'\n  }\n}\" (type Promise) at path \"password\""}}
_message: "Users validation failed"
pid: 78619
hostname: wangweideMacBook-Pro.local

2023-06-11 21:14:31,381 ERROR 79405 [-/127.0.0.1/-/11ms POST /api/users/login] nodejs.TypeError: Cannot read properties of undefined (reading 'username')
    at UsersController.login (/Users/wwei/Documents/my_github/wwei-lego-backend/app/controller/usersController.ts:69:77)
    at Object.callFn (/Users/wwei/Documents/my_github/wwei-lego-backend/node_modules/.pnpm/egg-core@5.3.1/node_modules/egg-core/lib/utils/index.js:44:21)
    at Object.classControllerMiddleware (/Users/wwei/Documents/my_github/wwei-lego-backend/node_modules/.pnpm/egg-core@5.3.1/node_modules/egg-core/lib/loader/mixin/controller.js:87:20)
    at Object.callFn (/Users/wwei/Documents/my_github/wwei-lego-backend/node_modules/.pnpm/@eggjs+router@2.0.1/node_modules/@eggjs/router/lib/utils.js:12:21)
    at wrappedController (/Users/wwei/Documents/my_github/wwei-lego-backend/node_modules/.pnpm/@eggjs+router@2.0.1/node_modules/@eggjs/router/lib/egg_router.js:322:18)
    at dispatch (/Users/wwei/Documents/my_github/wwei-lego-backend/node_modules/.pnpm/koa-compose@3.2.1/node_modules/koa-compose/index.js:44:32)
    at next (/Users/wwei/Documents/my_github/wwei-lego-backend/node_modules/.pnpm/koa-compose@3.2.1/node_modules/koa-compose/index.js:45:18)
    at /Users/wwei/Documents/my_github/wwei-lego-backend/node_modules/.pnpm/@eggjs+router@2.0.1/node_modules/@eggjs/router/lib/router.js:186:18
    at dispatch (/Users/wwei/Documents/my_github/wwei-lego-backend/node_modules/.pnpm/koa-compose@3.2.1/node_modules/koa-compose/index.js:44:32)
    at /Users/wwei/Documents/my_github/wwei-lego-backend/node_modules/.pnpm/koa-compose@3.2.1/node_modules/koa-compose/index.js:36:12
    at dispatch (/Users/wwei/Documents/my_github/wwei-lego-backend/node_modules/.pnpm/@eggjs+router@2.0.1/node_modules/@eggjs/router/lib/router.js:191:33)
    at dispatch (/Users/wwei/Documents/my_github/wwei-lego-backend/node_modules/.pnpm/koa-compose@4.1.0/node_modules/koa-compose/index.js:42:32)
    at /Users/wwei/Documents/my_github/wwei-lego-backend/node_modules/.pnpm/egg-development@2.7.0/node_modules/egg-development/app/middleware/egg_loader_trace.js:9:56
    at dispatch (/Users/wwei/Documents/my_github/wwei-lego-backend/node_modules/.pnpm/koa-compose@4.1.0/node_modules/koa-compose/index.js:42:32)
    at i18n (/Users/wwei/Documents/my_github/wwei-lego-backend/node_modules/.pnpm/egg-i18n@2.1.1/node_modules/egg-i18n/app/middleware/i18n.js:13:12)
    at dispatch (/Users/wwei/Documents/my_github/wwei-lego-backend/node_modules/.pnpm/koa-compose@4.1.0/node_modules/koa-compose/index.js:42:32)

pid: 79405
hostname: wangweideMacBook-Pro.local

2023-06-11 21:17:52,317 ERROR 79889 [-/127.0.0.1/-/4ms POST /api/users/login] [
  { message: 'required', field: 'username', code: 'missing_field' },
  { message: 'required', field: 'password', code: 'missing_field' }
]
2023-06-11 21:17:53,702 ERROR 79889 [-/127.0.0.1/-/2ms POST /api/users/login] [
  { message: 'required', field: 'username', code: 'missing_field' },
  { message: 'required', field: 'password', code: 'missing_field' }
]
2023-06-11 21:17:54,537 ERROR 79889 [-/127.0.0.1/-/1ms POST /api/users/login] [
  { message: 'required', field: 'username', code: 'missing_field' },
  { message: 'required', field: 'password', code: 'missing_field' }
]
2023-06-11 21:19:04,740 ERROR 79984 [-/127.0.0.1/-/16ms POST /api/users/login] {}
2023-06-11 21:19:38,966 ERROR 79984 [-/127.0.0.1/-/22ms POST /api/users/login] { username: '222222@qq.com', password: '12345678' }
2023-06-11 21:27:02,112 ERROR 80581 [-/127.0.0.1/-/0ms GET /] nodejs.TSError: [egg-core] load file: /Users/wwei/Documents/my_github/wwei-lego-backend/app/model/Users.ts, error: ‚®Ø Unable to compile TypeScript:
[96mapp/model/Users.ts[0m:[93m33[0m:[93m21[0m - [91merror[0m[90m TS6133: [0m'doc' is declared but its value is never read.

[7m33[0m         transform: (doc, res) => {
[7m  [0m [91m                    ~~~[0m

[96mapp/model/Users.ts[0m:[93m33[0m:[93m21[0m - [91merror[0m[90m TS6133: [0m'doc' is declared but its value is never read.

[7m33[0m         transform: (doc, res) => {
[7m  [0m [91m                    ~~~[0m

    at createTSError (/Users/wwei/Documents/my_github/wwei-lego-backend/node_modules/.pnpm/ts-node@10.9.1_@types+node@20.2.5_typescript@4.9.4/node_modules/ts-node/src/index.ts:859:12)
    at reportTSError (/Users/wwei/Documents/my_github/wwei-lego-backend/node_modules/.pnpm/ts-node@10.9.1_@types+node@20.2.5_typescript@4.9.4/node_modules/ts-node/src/index.ts:863:19)
    at getOutput (/Users/wwei/Documents/my_github/wwei-lego-backend/node_modules/.pnpm/ts-node@10.9.1_@types+node@20.2.5_typescript@4.9.4/node_modules/ts-node/src/index.ts:1077:36)
    at Object.compile (/Users/wwei/Documents/my_github/wwei-lego-backend/node_modules/.pnpm/ts-node@10.9.1_@types+node@20.2.5_typescript@4.9.4/node_modules/ts-node/src/index.ts:1433:41)
    at Module.m._compile (/Users/wwei/Documents/my_github/wwei-lego-backend/node_modules/.pnpm/ts-node@10.9.1_@types+node@20.2.5_typescript@4.9.4/node_modules/ts-node/src/index.ts:1617:30)
    at Module._extensions..js (node:internal/modules/cjs/loader:1213:10)
    at Object.require.extensions.<computed> [as .ts] (/Users/wwei/Documents/my_github/wwei-lego-backend/node_modules/.pnpm/ts-node@10.9.1_@types+node@20.2.5_typescript@4.9.4/node_modules/ts-node/src/index.ts:1621:12)
    at Module.load (node:internal/modules/cjs/loader:1037:32)
    at Function.Module._load (node:internal/modules/cjs/loader:878:12)
    at Module.require (node:internal/modules/cjs/loader:1061:19)
    at require (node:internal/modules/cjs/helpers:103:18)
    at Object.loadFile (/Users/wwei/Documents/my_github/wwei-lego-backend/node_modules/.pnpm/egg-core@5.3.1/node_modules/egg-core/lib/utils/index.js:27:19)
    at getExports (/Users/wwei/Documents/my_github/wwei-lego-backend/node_modules/.pnpm/egg-core@5.3.1/node_modules/egg-core/lib/loader/file_loader.js:199:23)
    at FileLoader.parse (/Users/wwei/Documents/my_github/wwei-lego-backend/node_modules/.pnpm/egg-core@5.3.1/node_modules/egg-core/lib/loader/file_loader.js:158:25)
    at FileLoader.load (/Users/wwei/Documents/my_github/wwei-lego-backend/node_modules/.pnpm/egg-core@5.3.1/node_modules/egg-core/lib/loader/file_loader.js:67:24)
    at AppWorkerLoader.loadToApp (/Users/wwei/Documents/my_github/wwei-lego-backend/node_modules/.pnpm/egg-core@5.3.1/node_modules/egg-core/lib/loader/egg_loader.js:399:25)
diagnosticCodes: [6133]
pid: 80581
hostname: wangweideMacBook-Pro.local

2023-06-11 21:27:26,620 ERROR 80642 [-/127.0.0.1/-/0ms GET /] nodejs.TSError: [egg-core] load file: /Users/wwei/Documents/my_github/wwei-lego-backend/app/model/Users.ts, error: ‚®Ø Unable to compile TypeScript:
[96mapp/model/Users.ts[0m:[93m33[0m:[93m21[0m - [91merror[0m[90m TS6133: [0m'doc' is declared but its value is never read.

[7m33[0m         transform: (doc, res) => {
[7m  [0m [91m                    ~~~[0m

[96mapp/model/Users.ts[0m:[93m33[0m:[93m21[0m - [91merror[0m[90m TS6133: [0m'doc' is declared but its value is never read.

[7m33[0m         transform: (doc, res) => {
[7m  [0m [91m                    ~~~[0m

    at createTSError (/Users/wwei/Documents/my_github/wwei-lego-backend/node_modules/.pnpm/ts-node@10.9.1_@types+node@20.2.5_typescript@4.9.4/node_modules/ts-node/src/index.ts:859:12)
    at reportTSError (/Users/wwei/Documents/my_github/wwei-lego-backend/node_modules/.pnpm/ts-node@10.9.1_@types+node@20.2.5_typescript@4.9.4/node_modules/ts-node/src/index.ts:863:19)
    at getOutput (/Users/wwei/Documents/my_github/wwei-lego-backend/node_modules/.pnpm/ts-node@10.9.1_@types+node@20.2.5_typescript@4.9.4/node_modules/ts-node/src/index.ts:1077:36)
    at Object.compile (/Users/wwei/Documents/my_github/wwei-lego-backend/node_modules/.pnpm/ts-node@10.9.1_@types+node@20.2.5_typescript@4.9.4/node_modules/ts-node/src/index.ts:1433:41)
    at Module.m._compile (/Users/wwei/Documents/my_github/wwei-lego-backend/node_modules/.pnpm/ts-node@10.9.1_@types+node@20.2.5_typescript@4.9.4/node_modules/ts-node/src/index.ts:1617:30)
    at Module._extensions..js (node:internal/modules/cjs/loader:1213:10)
    at Object.require.extensions.<computed> [as .ts] (/Users/wwei/Documents/my_github/wwei-lego-backend/node_modules/.pnpm/ts-node@10.9.1_@types+node@20.2.5_typescript@4.9.4/node_modules/ts-node/src/index.ts:1621:12)
    at Module.load (node:internal/modules/cjs/loader:1037:32)
    at Function.Module._load (node:internal/modules/cjs/loader:878:12)
    at Module.require (node:internal/modules/cjs/loader:1061:19)
    at require (node:internal/modules/cjs/helpers:103:18)
    at Object.loadFile (/Users/wwei/Documents/my_github/wwei-lego-backend/node_modules/.pnpm/egg-core@5.3.1/node_modules/egg-core/lib/utils/index.js:27:19)
    at getExports (/Users/wwei/Documents/my_github/wwei-lego-backend/node_modules/.pnpm/egg-core@5.3.1/node_modules/egg-core/lib/loader/file_loader.js:199:23)
    at FileLoader.parse (/Users/wwei/Documents/my_github/wwei-lego-backend/node_modules/.pnpm/egg-core@5.3.1/node_modules/egg-core/lib/loader/file_loader.js:158:25)
    at FileLoader.load (/Users/wwei/Documents/my_github/wwei-lego-backend/node_modules/.pnpm/egg-core@5.3.1/node_modules/egg-core/lib/loader/file_loader.js:67:24)
    at AppWorkerLoader.loadToApp (/Users/wwei/Documents/my_github/wwei-lego-backend/node_modules/.pnpm/egg-core@5.3.1/node_modules/egg-core/lib/loader/egg_loader.js:399:25)
diagnosticCodes: [6133]
pid: 80642
hostname: wangweideMacBook-Pro.local

2023-06-11 21:31:13,998 ERROR 81023 [-/127.0.0.1/-/0ms GET /] nodejs.TSError: [egg-core] load file: /Users/wwei/Documents/my_github/wwei-lego-backend/app/model/Users.ts, error: ‚®Ø Unable to compile TypeScript:
[96mapp/model/Users.ts[0m:[93m33[0m:[93m21[0m - [91merror[0m[90m TS6133: [0m'doc' is declared but its value is never read.

[7m33[0m         transform: (doc, res) => {
[7m  [0m [91m                    ~~~[0m

[96mapp/model/Users.ts[0m:[93m33[0m:[93m21[0m - [91merror[0m[90m TS6133: [0m'doc' is declared but its value is never read.

[7m33[0m         transform: (doc, res) => {
[7m  [0m [91m                    ~~~[0m

    at createTSError (/Users/wwei/Documents/my_github/wwei-lego-backend/node_modules/.pnpm/ts-node@10.9.1_@types+node@20.2.5_typescript@4.9.4/node_modules/ts-node/src/index.ts:859:12)
    at reportTSError (/Users/wwei/Documents/my_github/wwei-lego-backend/node_modules/.pnpm/ts-node@10.9.1_@types+node@20.2.5_typescript@4.9.4/node_modules/ts-node/src/index.ts:863:19)
    at getOutput (/Users/wwei/Documents/my_github/wwei-lego-backend/node_modules/.pnpm/ts-node@10.9.1_@types+node@20.2.5_typescript@4.9.4/node_modules/ts-node/src/index.ts:1077:36)
    at Object.compile (/Users/wwei/Documents/my_github/wwei-lego-backend/node_modules/.pnpm/ts-node@10.9.1_@types+node@20.2.5_typescript@4.9.4/node_modules/ts-node/src/index.ts:1433:41)
    at Module.m._compile (/Users/wwei/Documents/my_github/wwei-lego-backend/node_modules/.pnpm/ts-node@10.9.1_@types+node@20.2.5_typescript@4.9.4/node_modules/ts-node/src/index.ts:1617:30)
    at Module._extensions..js (node:internal/modules/cjs/loader:1213:10)
    at Object.require.extensions.<computed> [as .ts] (/Users/wwei/Documents/my_github/wwei-lego-backend/node_modules/.pnpm/ts-node@10.9.1_@types+node@20.2.5_typescript@4.9.4/node_modules/ts-node/src/index.ts:1621:12)
    at Module.load (node:internal/modules/cjs/loader:1037:32)
    at Function.Module._load (node:internal/modules/cjs/loader:878:12)
    at Module.require (node:internal/modules/cjs/loader:1061:19)
    at require (node:internal/modules/cjs/helpers:103:18)
    at Object.loadFile (/Users/wwei/Documents/my_github/wwei-lego-backend/node_modules/.pnpm/egg-core@5.3.1/node_modules/egg-core/lib/utils/index.js:27:19)
    at getExports (/Users/wwei/Documents/my_github/wwei-lego-backend/node_modules/.pnpm/egg-core@5.3.1/node_modules/egg-core/lib/loader/file_loader.js:199:23)
    at FileLoader.parse (/Users/wwei/Documents/my_github/wwei-lego-backend/node_modules/.pnpm/egg-core@5.3.1/node_modules/egg-core/lib/loader/file_loader.js:158:25)
    at FileLoader.load (/Users/wwei/Documents/my_github/wwei-lego-backend/node_modules/.pnpm/egg-core@5.3.1/node_modules/egg-core/lib/loader/file_loader.js:67:24)
    at AppWorkerLoader.loadToApp (/Users/wwei/Documents/my_github/wwei-lego-backend/node_modules/.pnpm/egg-core@5.3.1/node_modules/egg-core/lib/loader/egg_loader.js:399:25)
diagnosticCodes: [6133]
pid: 81023
hostname: wangweideMacBook-Pro.local

2023-06-11 21:49:03,104 ERROR 82175 [-/127.0.0.1/-/0ms GET /] nodejs.TSError: [egg-core] load file: /Users/wwei/Documents/my_github/wwei-lego-backend/app/model/Users.ts, error: ‚®Ø Unable to compile TypeScript:
[96mapp/model/Users.ts[0m:[93m3[0m:[93m35[0m - [91merror[0m[90m TS1141: [0mString literal expected.

[7m3[0m import  AutoIncrementFactory from ('mongoose-sequence');
[7m [0m [91m                                  ~~~~~~~~~~~~~~~~~~~~~[0m

[96mapp/model/Users.ts[0m:[93m3[0m:[93m35[0m - [91merror[0m[90m TS1141: [0mString literal expected.

[7m3[0m import  AutoIncrementFactory from ('mongoose-sequence');
[7m [0m [91m                                  ~~~~~~~~~~~~~~~~~~~~~[0m

    at createTSError (/Users/wwei/Documents/my_github/wwei-lego-backend/node_modules/.pnpm/ts-node@10.9.1_@types+node@20.2.5_typescript@4.9.4/node_modules/ts-node/src/index.ts:859:12)
    at reportTSError (/Users/wwei/Documents/my_github/wwei-lego-backend/node_modules/.pnpm/ts-node@10.9.1_@types+node@20.2.5_typescript@4.9.4/node_modules/ts-node/src/index.ts:863:19)
    at getOutput (/Users/wwei/Documents/my_github/wwei-lego-backend/node_modules/.pnpm/ts-node@10.9.1_@types+node@20.2.5_typescript@4.9.4/node_modules/ts-node/src/index.ts:1077:36)
    at Object.compile (/Users/wwei/Documents/my_github/wwei-lego-backend/node_modules/.pnpm/ts-node@10.9.1_@types+node@20.2.5_typescript@4.9.4/node_modules/ts-node/src/index.ts:1433:41)
    at Module.m._compile (/Users/wwei/Documents/my_github/wwei-lego-backend/node_modules/.pnpm/ts-node@10.9.1_@types+node@20.2.5_typescript@4.9.4/node_modules/ts-node/src/index.ts:1617:30)
    at Module._extensions..js (node:internal/modules/cjs/loader:1213:10)
    at Object.require.extensions.<computed> [as .ts] (/Users/wwei/Documents/my_github/wwei-lego-backend/node_modules/.pnpm/ts-node@10.9.1_@types+node@20.2.5_typescript@4.9.4/node_modules/ts-node/src/index.ts:1621:12)
    at Module.load (node:internal/modules/cjs/loader:1037:32)
    at Function.Module._load (node:internal/modules/cjs/loader:878:12)
    at Module.require (node:internal/modules/cjs/loader:1061:19)
    at require (node:internal/modules/cjs/helpers:103:18)
    at Object.loadFile (/Users/wwei/Documents/my_github/wwei-lego-backend/node_modules/.pnpm/egg-core@5.3.1/node_modules/egg-core/lib/utils/index.js:27:19)
    at getExports (/Users/wwei/Documents/my_github/wwei-lego-backend/node_modules/.pnpm/egg-core@5.3.1/node_modules/egg-core/lib/loader/file_loader.js:199:23)
    at FileLoader.parse (/Users/wwei/Documents/my_github/wwei-lego-backend/node_modules/.pnpm/egg-core@5.3.1/node_modules/egg-core/lib/loader/file_loader.js:158:25)
    at FileLoader.load (/Users/wwei/Documents/my_github/wwei-lego-backend/node_modules/.pnpm/egg-core@5.3.1/node_modules/egg-core/lib/loader/file_loader.js:67:24)
    at AppWorkerLoader.loadToApp (/Users/wwei/Documents/my_github/wwei-lego-backend/node_modules/.pnpm/egg-core@5.3.1/node_modules/egg-core/lib/loader/egg_loader.js:399:25)
diagnosticCodes: [1141]
pid: 82175
hostname: wangweideMacBook-Pro.local

